#
# There is insufficient memory for the Java Runtime Environment to continue.
# Native memory allocation (malloc) failed to allocate 542336 bytes for Chunk::new
# Possible reasons:
#   The system is out of physical RAM or swap space
#   The process is running with CompressedOops enabled, and the Java Heap may be blocking the growth of the native heap
# Possible solutions:
#   Reduce memory load on the system
#   Increase physical memory or swap space
#   Check if swap backing store is full
#   Decrease Java heap size (-Xmx/-Xms)
#   Decrease number of Java threads
#   Decrease Java thread stack sizes (-Xss)
#   Set larger code cache with -XX:ReservedCodeCacheSize=
#   JVM is running with Unscaled Compressed Oops mode in which the Java heap is
#     placed in the first 4GB address space. The Java Heap base address is the
#     maximum limit for the native heap growth. Please use -XX:HeapBaseMinAddress
#     to set the Java Heap base and to place the Java Heap above 4GB virtual address.
# This output file may be truncated or incomplete.
#
#  Out of Memory Error (arena.cpp:189), pid=1904, tid=8436
#
# JRE version: OpenJDK Runtime Environment Temurin-17.0.6+10 (17.0.6+10) (build 17.0.6+10)
# Java VM: OpenJDK 64-Bit Server VM Temurin-17.0.6+10 (17.0.6+10, mixed mode, sharing, tiered, compressed oops, compressed class ptrs, g1 gc, windows-amd64)
# No core dump will be written. Minidumps are not enabled by default on client versions of Windows
#

---------------  S U M M A R Y ------------

Command Line: --add-opens=java.base/java.util=ALL-UNNAMED --add-opens=java.base/java.lang=ALL-UNNAMED --add-opens=java.base/java.lang.invoke=ALL-UNNAMED --add-opens=java.prefs/java.util.prefs=ALL-UNNAMED --add-opens=java.base/java.nio.charset=ALL-UNNAMED --add-opens=java.base/java.net=ALL-UNNAMED --add-opens=java.base/java.util.concurrent.atomic=ALL-UNNAMED -XX:MaxMetaspaceSize=256m -XX:+HeapDumpOnOutOfMemoryError -Xms256m -Xmx512m -Dfile.encoding=windows-1251 -Duser.country=RU -Duser.language=ru -Duser.variant org.gradle.launcher.daemon.bootstrap.GradleDaemon 7.6

Host: AMD A8-7410 APU with AMD Radeon R5 Graphics    , 4 cores, 4G,  Windows 10 , 64 bit Build 19041 (10.0.19041.2364)
Time: Fri Feb 17 22:28:19 2023 RTZ 6 (s 10 , 64 bit Build 19041 (10.0.19041.2364) elapsed time: 53.639296 seconds (0d 0h 0m 53s)

---------------  T H R E A D  ---------------

Current thread (0x0000025191992100):  JavaThread "C2 CompilerThread0" daemon [_thread_in_native, id=8436, stack(0x000000ba08900000,0x000000ba08a00000)]


Current CompileTask:
C2:  53639 5402       4       java.lang.Class::getMethodsRecursive (99 bytes)

Stack: [0x000000ba08900000,0x000000ba08a00000]
Native frames: (J=compiled Java code, j=interpreted, Vv=VM code, C=native code)
V  [jvm.dll+0x67741a]
V  [jvm.dll+0x834434]
V  [jvm.dll+0x835bde]
V  [jvm.dll+0x836243]
V  [jvm.dll+0x2457b5]
V  [jvm.dll+0xabafc]
V  [jvm.dll+0xac0cc]
V  [jvm.dll+0x2ac94f]
V  [jvm.dll+0x57de47]
V  [jvm.dll+0x220812]
V  [jvm.dll+0x219caf]
V  [jvm.dll+0x21790b]
V  [jvm.dll+0x1a3d0d]
V  [jvm.dll+0x22742a]
V  [jvm.dll+0x225565]
V  [jvm.dll+0x7ea2cb]
V  [jvm.dll+0x7e483a]
V  [jvm.dll+0x6762c5]
C  [ucrtbase.dll+0x21bb2]
C  [KERNEL32.DLL+0x17614]
C  [ntdll.dll+0x526a1]


---------------  P R O C E S S  ---------------

Threads class SMR info:
_java_thread_list=0x0000025196367e20, length=46, elements={
0x00000251f570bdf0, 0x000002519196d470, 0x000002519196ee90, 0x00000251919867c0,
0x0000025191988090, 0x000002519198b2f0, 0x0000025191989610, 0x0000025191992100,
0x00000251919955c0, 0x00000251919ace80, 0x000002519198b7c0, 0x000002519198c630,
0x000002519198bc90, 0x0000025191989140, 0x000002519198cb00, 0x0000025191989ae0,
0x0000025191989fb0, 0x000002519198a480, 0x000002519198a950, 0x000002519198ae20,
0x0000025194132fb0, 0x0000025194132610, 0x0000025194134c90, 0x0000025194136970,
0x0000025194133480, 0x0000025194135160, 0x0000025194135fd0, 0x00000251941342f0,
0x0000025194130460, 0x00000251941347c0, 0x0000025194131c70, 0x0000025194130e00,
0x0000025194132140, 0x0000025194132ae0, 0x0000025194135630, 0x0000025194133e20,
0x0000025194135b00, 0x000002519412ff90, 0x00000251941312d0, 0x00000251941d3830,
0x00000251941d2020, 0x00000251941ceb30, 0x00000251941d5040, 0x00000251941d24f0,
0x00000251941cf9a0, 0x00000251941d29c0
}

Java Threads: ( => current thread )
  0x00000251f570bdf0 JavaThread "main" [_thread_blocked, id=13196, stack(0x000000ba07c00000,0x000000ba07d00000)]
  0x000002519196d470 JavaThread "Reference Handler" daemon [_thread_blocked, id=10312, stack(0x000000ba08300000,0x000000ba08400000)]
  0x000002519196ee90 JavaThread "Finalizer" daemon [_thread_blocked, id=11744, stack(0x000000ba08400000,0x000000ba08500000)]
  0x00000251919867c0 JavaThread "Signal Dispatcher" daemon [_thread_blocked, id=5468, stack(0x000000ba08500000,0x000000ba08600000)]
  0x0000025191988090 JavaThread "Attach Listener" daemon [_thread_blocked, id=7908, stack(0x000000ba08600000,0x000000ba08700000)]
  0x000002519198b2f0 JavaThread "Service Thread" daemon [_thread_blocked, id=13292, stack(0x000000ba08700000,0x000000ba08800000)]
  0x0000025191989610 JavaThread "Monitor Deflation Thread" daemon [_thread_blocked, id=9632, stack(0x000000ba08800000,0x000000ba08900000)]
=>0x0000025191992100 JavaThread "C2 CompilerThread0" daemon [_thread_in_native, id=8436, stack(0x000000ba08900000,0x000000ba08a00000)]
  0x00000251919955c0 JavaThread "C1 CompilerThread0" daemon [_thread_blocked, id=6812, stack(0x000000ba08a00000,0x000000ba08b00000)]
  0x00000251919ace80 JavaThread "Sweeper thread" daemon [_thread_blocked, id=8692, stack(0x000000ba08b00000,0x000000ba08c00000)]
  0x000002519198b7c0 JavaThread "Common-Cleaner" daemon [_thread_blocked, id=1828, stack(0x000000ba08c00000,0x000000ba08d00000)]
  0x000002519198c630 JavaThread "Notification Thread" daemon [_thread_blocked, id=5596, stack(0x000000ba08d00000,0x000000ba08e00000)]
  0x000002519198bc90 JavaThread "Daemon health stats" [_thread_blocked, id=9960, stack(0x000000ba08f00000,0x000000ba09000000)]
  0x0000025191989140 JavaThread "Incoming local TCP Connector on port 55347" [_thread_in_native, id=12696, stack(0x000000ba09300000,0x000000ba09400000)]
  0x000002519198cb00 JavaThread "Daemon periodic checks" [_thread_blocked, id=9096, stack(0x000000ba09400000,0x000000ba09500000)]
  0x0000025191989ae0 JavaThread "Daemon" [_thread_blocked, id=7520, stack(0x000000ba09500000,0x000000ba09600000)]
  0x0000025191989fb0 JavaThread "Handler for socket connection from /127.0.0.1:55347 to /127.0.0.1:55349" [_thread_in_native, id=3424, stack(0x000000ba09600000,0x000000ba09700000)]
  0x000002519198a480 JavaThread "Cancel handler" [_thread_blocked, id=3420, stack(0x000000ba09700000,0x000000ba09800000)]
  0x000002519198a950 JavaThread "Daemon worker" [_thread_in_native, id=10852, stack(0x000000ba09800000,0x000000ba09900000)]
  0x000002519198ae20 JavaThread "Asynchronous log dispatcher for DefaultDaemonConnection: socket connection from /127.0.0.1:55347 to /127.0.0.1:55349" [_thread_blocked, id=13004, stack(0x000000ba09900000,0x000000ba09a00000)]
  0x0000025194132fb0 JavaThread "Stdin handler" [_thread_blocked, id=12560, stack(0x000000ba09a00000,0x000000ba09b00000)]
  0x0000025194132610 JavaThread "Daemon client event forwarder" [_thread_blocked, id=10820, stack(0x000000ba09b00000,0x000000ba09c00000)]
  0x0000025194134c90 JavaThread "Cache worker for journal cache (C:\Users\waka\.gradle\caches\journal-1)" [_thread_blocked, id=10452, stack(0x000000ba09c00000,0x000000ba09d00000)]
  0x0000025194136970 JavaThread "File lock request listener" [_thread_in_native, id=2448, stack(0x000000ba09d00000,0x000000ba09e00000)]
  0x0000025194133480 JavaThread "Cache worker for file hash cache (C:\Users\waka\.gradle\caches\7.6\fileHashes)" [_thread_blocked, id=7720, stack(0x000000ba09e00000,0x000000ba09f00000)]
  0x0000025194135160 JavaThread "File watcher server" daemon [_thread_in_native, id=11476, stack(0x000000ba09f00000,0x000000ba0a000000)]
  0x0000025194135fd0 JavaThread "File watcher consumer" daemon [_thread_blocked, id=12296, stack(0x000000ba0a000000,0x000000ba0a100000)]
  0x00000251941342f0 JavaThread "jar transforms" [_thread_blocked, id=3012, stack(0x000000ba0a100000,0x000000ba0a200000)]
  0x0000025194130460 JavaThread "jar transforms Thread 2" [_thread_blocked, id=2684, stack(0x000000ba0a200000,0x000000ba0a300000)]
  0x00000251941347c0 JavaThread "jar transforms Thread 3" [_thread_blocked, id=11284, stack(0x000000ba0a300000,0x000000ba0a400000)]
  0x0000025194131c70 JavaThread "jar transforms Thread 4" [_thread_blocked, id=8476, stack(0x000000ba0a400000,0x000000ba0a500000)]
  0x0000025194130e00 JavaThread "Cache worker for checksums cache (C:\Users\waka\Documents\GitHub\java_Polina\sandbox\.gradle\7.6\checksums)" [_thread_blocked, id=1736, stack(0x000000ba0a500000,0x000000ba0a600000)]
  0x0000025194132140 JavaThread "Cache worker for cache directory md-rule (C:\Users\waka\.gradle\caches\7.6\md-rule)" [_thread_blocked, id=8624, stack(0x000000ba0a600000,0x000000ba0a700000)]
  0x0000025194132ae0 JavaThread "Cache worker for file content cache (C:\Users\waka\.gradle\caches\7.6\fileContent)" [_thread_blocked, id=11308, stack(0x000000ba0a700000,0x000000ba0a800000)]
  0x0000025194135630 JavaThread "Cache worker for file hash cache (C:\Users\waka\Documents\GitHub\java_Polina\sandbox\.gradle\7.6\fileHashes)" [_thread_blocked, id=3104, stack(0x000000ba0a800000,0x000000ba0a900000)]
  0x0000025194133e20 JavaThread "Cache worker for cache directory md-supplier (C:\Users\waka\.gradle\caches\7.6\md-supplier)" [_thread_blocked, id=8568, stack(0x000000ba0a900000,0x000000ba0aa00000)]
  0x0000025194135b00 JavaThread "Cache worker for execution history cache (C:\Users\waka\.gradle\caches\7.6\executionHistory)" [_thread_blocked, id=10876, stack(0x000000ba0aa00000,0x000000ba0ab00000)]
  0x000002519412ff90 JavaThread "Cache worker for dependencies-accessors (C:\Users\waka\Documents\GitHub\java_Polina\sandbox\.gradle\7.6\dependencies-accessors)" [_thread_blocked, id=12592, stack(0x000000ba0ad00000,0x000000ba0ae00000)]
  0x00000251941312d0 JavaThread "Cache worker for Build Output Cleanup Cache (C:\Users\waka\Documents\GitHub\java_Polina\sandbox\.gradle\buildOutputCleanup)" [_thread_blocked, id=4244, stack(0x000000ba0ae00000,0x000000ba0af00000)]
  0x00000251941d3830 JavaThread "Memory manager" [_thread_blocked, id=516, stack(0x000000ba0af00000,0x000000ba0b000000)]
  0x00000251941d2020 JavaThread "included builds" [_thread_blocked, id=3008, stack(0x000000ba0b200000,0x000000ba0b300000)]
  0x00000251941ceb30 JavaThread "Execution worker" [_thread_blocked, id=4908, stack(0x000000ba0b300000,0x000000ba0b400000)]
  0x00000251941d5040 JavaThread "Execution worker Thread 2" [_thread_blocked, id=7380, stack(0x000000ba0b400000,0x000000ba0b500000)]
  0x00000251941d24f0 JavaThread "Execution worker Thread 3" [_thread_blocked, id=6552, stack(0x000000ba0b500000,0x000000ba0b600000)]
  0x00000251941cf9a0 JavaThread "Cache worker for execution history cache (C:\Users\waka\Documents\GitHub\java_Polina\sandbox\.gradle\7.6\executionHistory)" [_thread_blocked, id=12424, stack(0x000000ba0b600000,0x000000ba0b700000)]
  0x00000251941d29c0 JavaThread "idea-tooling-model-converter" [_thread_in_native, id=5032, stack(0x000000ba0b700000,0x000000ba0b800000)]

Other Threads:
  0x0000025191967900 VMThread "VM Thread" [stack: 0x000000ba08200000,0x000000ba08300000] [id=10556]
  0x00000251924d52e0 WatcherThread [stack: 0x000000ba08e00000,0x000000ba08f00000] [id=12396]
  0x00000251f5738c70 GCTaskThread "GC Thread#0" [stack: 0x000000ba07d00000,0x000000ba07e00000] [id=1416]
  0x0000025192aae5e0 GCTaskThread "GC Thread#1" [stack: 0x000000ba09000000,0x000000ba09100000] [id=3552]
  0x0000025192aae890 GCTaskThread "GC Thread#2" [stack: 0x000000ba09100000,0x000000ba09200000] [id=13096]
  0x00000251927fe940 GCTaskThread "GC Thread#3" [stack: 0x000000ba09200000,0x000000ba09300000] [id=11732]
  0x00000251f573dac0 ConcurrentGCThread "G1 Main Marker" [stack: 0x000000ba07e00000,0x000000ba07f00000] [id=4684]
  0x00000251f573e3e0 ConcurrentGCThread "G1 Conc#0" [stack: 0x000000ba07f00000,0x000000ba08000000] [id=9908]
  0x000002519182a0e0 ConcurrentGCThread "G1 Refine#0" [stack: 0x000000ba08000000,0x000000ba08100000] [id=5392]
  0x0000025192b2a770 ConcurrentGCThread "G1 Refine#1" [stack: 0x000000ba0b000000,0x000000ba0b100000] [id=12364]
  0x0000025192b29350 ConcurrentGCThread "G1 Refine#2" [stack: 0x000000ba0b100000,0x000000ba0b200000] [id=12128]
  0x000002519182a910 ConcurrentGCThread "G1 Service" [stack: 0x000000ba08100000,0x000000ba08200000] [id=12464]

Threads with active compile tasks:
C2 CompilerThread0    55438 5402       4       java.lang.Class::getMethodsRecursive (99 bytes)

VM state: not at safepoint (normal execution)

VM Mutex/Monitor currently owned by a thread: None

Heap address: 0x00000000e0000000, size: 512 MB, Compressed Oops mode: 32-bit

CDS archive(s) mapped at: [0x0000000800000000-0x0000000800bc0000-0x0000000800bc0000), size 12320768, SharedBaseAddress: 0x0000000800000000, ArchiveRelocationMode: 0.
Compressed class space mapped at: 0x0000000800c00000-0x000000080dc00000, reserved size: 218103808
Narrow klass base: 0x0000000800000000, Narrow klass shift: 0, Narrow klass range: 0x100000000

GC Precious Log:
 CPUs: 4 total, 4 available
 Memory: 5065M
 Large Page Support: Disabled
 NUMA Support: Disabled
 Compressed Oops: Enabled (32-bit)
 Heap Region Size: 1M
 Heap Min Capacity: 256M
 Heap Initial Capacity: 256M
 Heap Max Capacity: 512M
 Pre-touch: Disabled
 Parallel Workers: 4
 Concurrent Workers: 1
 Concurrent Refinement Workers: 4
 Periodic GC: Disabled

Heap:
 garbage-first heap   total 262144K, used 130776K [0x00000000e0000000, 0x0000000100000000)
  region size 1024K, 37 young (37888K), 14 survivors (14336K)
 Metaspace       used 48627K, committed 49280K, reserved 262144K
  class space    used 6852K, committed 7168K, reserved 212992K

Heap Regions: E=young(eden), S=young(survivor), O=old, HS=humongous(starts), HC=humongous(continues), CS=collection set, F=free, OA=open archive, CA=closed archive, TAMS=top-at-mark-start (previous, next)
|   0|0x00000000e0000000, 0x00000000e0100000, 0x00000000e0100000|100%| O|  |TAMS 0x00000000e0100000, 0x00000000e0000000| Untracked 
|   1|0x00000000e0100000, 0x00000000e0200000, 0x00000000e0200000|100%| O|  |TAMS 0x00000000e0200000, 0x00000000e0100000| Untracked 
|   2|0x00000000e0200000, 0x00000000e0300000, 0x00000000e0300000|100%|HS|  |TAMS 0x00000000e0300000, 0x00000000e0200000| Complete 
|   3|0x00000000e0300000, 0x00000000e0400000, 0x00000000e0400000|100%|HC|  |TAMS 0x00000000e0400000, 0x00000000e0300000| Complete 
|   4|0x00000000e0400000, 0x00000000e0500000, 0x00000000e0500000|100%|HC|  |TAMS 0x00000000e0500000, 0x00000000e0400000| Complete 
|   5|0x00000000e0500000, 0x00000000e0600000, 0x00000000e0600000|100%| O|  |TAMS 0x00000000e0600000, 0x00000000e0500000| Untracked 
|   6|0x00000000e0600000, 0x00000000e0700000, 0x00000000e0700000|100%| O|  |TAMS 0x00000000e0700000, 0x00000000e0600000| Untracked 
|   7|0x00000000e0700000, 0x00000000e0800000, 0x00000000e0800000|100%|HS|  |TAMS 0x00000000e0800000, 0x00000000e0700000| Complete 
|   8|0x00000000e0800000, 0x00000000e0900000, 0x00000000e0900000|100%| O|  |TAMS 0x00000000e0900000, 0x00000000e0800000| Untracked 
|   9|0x00000000e0900000, 0x00000000e0a00000, 0x00000000e0a00000|100%| O|  |TAMS 0x00000000e0a00000, 0x00000000e0900000| Untracked 
|  10|0x00000000e0a00000, 0x00000000e0b00000, 0x00000000e0b00000|100%| O|  |TAMS 0x00000000e0a30e00, 0x00000000e0a00000| Untracked 
|  11|0x00000000e0b00000, 0x00000000e0c00000, 0x00000000e0c00000|100%|HS|  |TAMS 0x00000000e0c00000, 0x00000000e0b00000| Complete 
|  12|0x00000000e0c00000, 0x00000000e0d00000, 0x00000000e0d00000|100%|HC|  |TAMS 0x00000000e0d00000, 0x00000000e0c00000| Complete 
|  13|0x00000000e0d00000, 0x00000000e0e00000, 0x00000000e0e00000|100%|HS|  |TAMS 0x00000000e0e00000, 0x00000000e0d00000| Complete 
|  14|0x00000000e0e00000, 0x00000000e0f00000, 0x00000000e0f00000|100%|HC|  |TAMS 0x00000000e0f00000, 0x00000000e0e00000| Complete 
|  15|0x00000000e0f00000, 0x00000000e1000000, 0x00000000e1000000|100%|HC|  |TAMS 0x00000000e1000000, 0x00000000e0f00000| Complete 
|  16|0x00000000e1000000, 0x00000000e1100000, 0x00000000e1100000|100%|HS|  |TAMS 0x00000000e1100000, 0x00000000e1000000| Complete 
|  17|0x00000000e1100000, 0x00000000e1200000, 0x00000000e1200000|100%|HC|  |TAMS 0x00000000e1200000, 0x00000000e1100000| Complete 
|  18|0x00000000e1200000, 0x00000000e1300000, 0x00000000e1300000|100%|HC|  |TAMS 0x00000000e1300000, 0x00000000e1200000| Complete 
|  19|0x00000000e1300000, 0x00000000e1400000, 0x00000000e1400000|100%|HS|  |TAMS 0x00000000e1400000, 0x00000000e1300000| Complete 
|  20|0x00000000e1400000, 0x00000000e1500000, 0x00000000e1500000|100%|HC|  |TAMS 0x00000000e1500000, 0x00000000e1400000| Complete 
|  21|0x00000000e1500000, 0x00000000e1600000, 0x00000000e1600000|100%|HC|  |TAMS 0x00000000e1600000, 0x00000000e1500000| Complete 
|  22|0x00000000e1600000, 0x00000000e1700000, 0x00000000e1700000|100%|HC|  |TAMS 0x00000000e1700000, 0x00000000e1600000| Complete 
|  23|0x00000000e1700000, 0x00000000e1800000, 0x00000000e1800000|100%|HC|  |TAMS 0x00000000e1800000, 0x00000000e1700000| Complete 
|  24|0x00000000e1800000, 0x00000000e1900000, 0x00000000e1900000|100%|HC|  |TAMS 0x00000000e1900000, 0x00000000e1800000| Complete 
|  25|0x00000000e1900000, 0x00000000e1a00000, 0x00000000e1a00000|100%|HC|  |TAMS 0x00000000e1a00000, 0x00000000e1900000| Complete 
|  26|0x00000000e1a00000, 0x00000000e1b00000, 0x00000000e1b00000|100%|HC|  |TAMS 0x00000000e1b00000, 0x00000000e1a00000| Complete 
|  27|0x00000000e1b00000, 0x00000000e1c00000, 0x00000000e1c00000|100%|HC|  |TAMS 0x00000000e1c00000, 0x00000000e1b00000| Complete 
|  28|0x00000000e1c00000, 0x00000000e1d00000, 0x00000000e1d00000|100%|HC|  |TAMS 0x00000000e1d00000, 0x00000000e1c00000| Complete 
|  29|0x00000000e1d00000, 0x00000000e1e00000, 0x00000000e1e00000|100%|HC|  |TAMS 0x00000000e1e00000, 0x00000000e1d00000| Complete 
|  30|0x00000000e1e00000, 0x00000000e1f00000, 0x00000000e1f00000|100%|HS|  |TAMS 0x00000000e1f00000, 0x00000000e1e00000| Complete 
|  31|0x00000000e1f00000, 0x00000000e2000000, 0x00000000e2000000|100%|HC|  |TAMS 0x00000000e2000000, 0x00000000e1f00000| Complete 
|  32|0x00000000e2000000, 0x00000000e2100000, 0x00000000e2100000|100%|HS|  |TAMS 0x00000000e2100000, 0x00000000e2000000| Complete 
|  33|0x00000000e2100000, 0x00000000e2200000, 0x00000000e2200000|100%|HC|  |TAMS 0x00000000e2200000, 0x00000000e2100000| Complete 
|  34|0x00000000e2200000, 0x00000000e2300000, 0x00000000e2300000|100%|HC|  |TAMS 0x00000000e2300000, 0x00000000e2200000| Complete 
|  35|0x00000000e2300000, 0x00000000e2400000, 0x00000000e2400000|100%|HC|  |TAMS 0x00000000e2400000, 0x00000000e2300000| Complete 
|  36|0x00000000e2400000, 0x00000000e2500000, 0x00000000e2500000|100%|HC|  |TAMS 0x00000000e2500000, 0x00000000e2400000| Complete 
|  37|0x00000000e2500000, 0x00000000e2600000, 0x00000000e2600000|100%|HC|  |TAMS 0x00000000e2600000, 0x00000000e2500000| Complete 
|  38|0x00000000e2600000, 0x00000000e2700000, 0x00000000e2700000|100%|HS|  |TAMS 0x00000000e2600000, 0x00000000e2600000| Complete 
|  39|0x00000000e2700000, 0x00000000e2800000, 0x00000000e2800000|100%|HC|  |TAMS 0x00000000e2700000, 0x00000000e2700000| Complete 
|  40|0x00000000e2800000, 0x00000000e2900000, 0x00000000e2900000|100%|HC|  |TAMS 0x00000000e2800000, 0x00000000e2800000| Complete 
|  41|0x00000000e2900000, 0x00000000e2a00000, 0x00000000e2a00000|100%| O|  |TAMS 0x00000000e2900000, 0x00000000e2900000| Untracked 
|  42|0x00000000e2a00000, 0x00000000e2b00000, 0x00000000e2b00000|100%| O|  |TAMS 0x00000000e2a00000, 0x00000000e2a00000| Untracked 
|  43|0x00000000e2b00000, 0x00000000e2c00000, 0x00000000e2c00000|100%| O|  |TAMS 0x00000000e2b00000, 0x00000000e2b00000| Untracked 
|  44|0x00000000e2c00000, 0x00000000e2d00000, 0x00000000e2d00000|100%| O|  |TAMS 0x00000000e2c00000, 0x00000000e2c00000| Untracked 
|  45|0x00000000e2d00000, 0x00000000e2e00000, 0x00000000e2e00000|100%| O|  |TAMS 0x00000000e2d00000, 0x00000000e2d00000| Untracked 
|  46|0x00000000e2e00000, 0x00000000e2f00000, 0x00000000e2f00000|100%| O|  |TAMS 0x00000000e2e00000, 0x00000000e2e00000| Untracked 
|  47|0x00000000e2f00000, 0x00000000e3000000, 0x00000000e3000000|100%| O|  |TAMS 0x00000000e2f00000, 0x00000000e2f00000| Untracked 
|  48|0x00000000e3000000, 0x00000000e3100000, 0x00000000e3100000|100%| O|  |TAMS 0x00000000e3000000, 0x00000000e3000000| Untracked 
|  49|0x00000000e3100000, 0x00000000e3200000, 0x00000000e3200000|100%| O|  |TAMS 0x00000000e3100000, 0x00000000e3100000| Untracked 
|  50|0x00000000e3200000, 0x00000000e3300000, 0x00000000e3300000|100%| O|  |TAMS 0x00000000e3200000, 0x00000000e3200000| Untracked 
|  51|0x00000000e3300000, 0x00000000e3400000, 0x00000000e3400000|100%| O|  |TAMS 0x00000000e3300000, 0x00000000e3300000| Untracked 
|  52|0x00000000e3400000, 0x00000000e3500000, 0x00000000e3500000|100%| O|  |TAMS 0x00000000e3400000, 0x00000000e3400000| Untracked 
|  53|0x00000000e3500000, 0x00000000e3600000, 0x00000000e3600000|100%| O|  |TAMS 0x00000000e3500000, 0x00000000e3500000| Untracked 
|  54|0x00000000e3600000, 0x00000000e3700000, 0x00000000e3700000|100%|HS|  |TAMS 0x00000000e3600000, 0x00000000e3600000| Complete 
|  55|0x00000000e3700000, 0x00000000e3800000, 0x00000000e3800000|100%|HC|  |TAMS 0x00000000e3700000, 0x00000000e3700000| Complete 
|  56|0x00000000e3800000, 0x00000000e3900000, 0x00000000e3900000|100%|HC|  |TAMS 0x00000000e3800000, 0x00000000e3800000| Complete 
|  57|0x00000000e3900000, 0x00000000e3900000, 0x00000000e3a00000|  0%| F|  |TAMS 0x00000000e3900000, 0x00000000e3900000| Untracked 
|  58|0x00000000e3a00000, 0x00000000e3b00000, 0x00000000e3b00000|100%|HS|  |TAMS 0x00000000e3a00000, 0x00000000e3a00000| Complete 
|  59|0x00000000e3b00000, 0x00000000e3c00000, 0x00000000e3c00000|100%|HC|  |TAMS 0x00000000e3b00000, 0x00000000e3b00000| Complete 
|  60|0x00000000e3c00000, 0x00000000e3d00000, 0x00000000e3d00000|100%|HS|  |TAMS 0x00000000e3c00000, 0x00000000e3c00000| Complete 
|  61|0x00000000e3d00000, 0x00000000e3e00000, 0x00000000e3e00000|100%|HC|  |TAMS 0x00000000e3d00000, 0x00000000e3d00000| Complete 
|  62|0x00000000e3e00000, 0x00000000e3f00000, 0x00000000e3f00000|100%|HC|  |TAMS 0x00000000e3e00000, 0x00000000e3e00000| Complete 
|  63|0x00000000e3f00000, 0x00000000e4000000, 0x00000000e4000000|100%|HS|  |TAMS 0x00000000e3f00000, 0x00000000e3f00000| Complete 
|  64|0x00000000e4000000, 0x00000000e4100000, 0x00000000e4100000|100%|HC|  |TAMS 0x00000000e4000000, 0x00000000e4000000| Complete 
|  65|0x00000000e4100000, 0x00000000e4200000, 0x00000000e4200000|100%|HC|  |TAMS 0x00000000e4100000, 0x00000000e4100000| Complete 
|  66|0x00000000e4200000, 0x00000000e4300000, 0x00000000e4300000|100%|HS|  |TAMS 0x00000000e4200000, 0x00000000e4200000| Complete 
|  67|0x00000000e4300000, 0x00000000e4400000, 0x00000000e4400000|100%|HC|  |TAMS 0x00000000e4300000, 0x00000000e4300000| Complete 
|  68|0x00000000e4400000, 0x00000000e4500000, 0x00000000e4500000|100%|HC|  |TAMS 0x00000000e4400000, 0x00000000e4400000| Complete 
|  69|0x00000000e4500000, 0x00000000e4600000, 0x00000000e4600000|100%|HC|  |TAMS 0x00000000e4500000, 0x00000000e4500000| Complete 
|  70|0x00000000e4600000, 0x00000000e4700000, 0x00000000e4700000|100%|HC|  |TAMS 0x00000000e4600000, 0x00000000e4600000| Complete 
|  71|0x00000000e4700000, 0x00000000e4800000, 0x00000000e4800000|100%|HC|  |TAMS 0x00000000e4700000, 0x00000000e4700000| Complete 
|  72|0x00000000e4800000, 0x00000000e4900000, 0x00000000e4900000|100%|HC|  |TAMS 0x00000000e4800000, 0x00000000e4800000| Complete 
|  73|0x00000000e4900000, 0x00000000e4a00000, 0x00000000e4a00000|100%|HC|  |TAMS 0x00000000e4900000, 0x00000000e4900000| Complete 
|  74|0x00000000e4a00000, 0x00000000e4b00000, 0x00000000e4b00000|100%|HC|  |TAMS 0x00000000e4a00000, 0x00000000e4a00000| Complete 
|  75|0x00000000e4b00000, 0x00000000e4c00000, 0x00000000e4c00000|100%|HC|  |TAMS 0x00000000e4b00000, 0x00000000e4b00000| Complete 
|  76|0x00000000e4c00000, 0x00000000e4d00000, 0x00000000e4d00000|100%|HC|  |TAMS 0x00000000e4c00000, 0x00000000e4c00000| Complete 
|  77|0x00000000e4d00000, 0x00000000e4e00000, 0x00000000e4e00000|100%|HS|  |TAMS 0x00000000e4d00000, 0x00000000e4d00000| Complete 
|  78|0x00000000e4e00000, 0x00000000e4f00000, 0x00000000e4f00000|100%|HC|  |TAMS 0x00000000e4e00000, 0x00000000e4e00000| Complete 
|  79|0x00000000e4f00000, 0x00000000e5000000, 0x00000000e5000000|100%|HS|  |TAMS 0x00000000e4f00000, 0x00000000e4f00000| Complete 
|  80|0x00000000e5000000, 0x00000000e5100000, 0x00000000e5100000|100%|HC|  |TAMS 0x00000000e5000000, 0x00000000e5000000| Complete 
|  81|0x00000000e5100000, 0x00000000e5200000, 0x00000000e5200000|100%|HC|  |TAMS 0x00000000e5100000, 0x00000000e5100000| Complete 
|  82|0x00000000e5200000, 0x00000000e5300000, 0x00000000e5300000|100%|HC|  |TAMS 0x00000000e5200000, 0x00000000e5200000| Complete 
|  83|0x00000000e5300000, 0x00000000e5400000, 0x00000000e5400000|100%|HC|  |TAMS 0x00000000e5300000, 0x00000000e5300000| Complete 
|  84|0x00000000e5400000, 0x00000000e5500000, 0x00000000e5500000|100%|HC|  |TAMS 0x00000000e5400000, 0x00000000e5400000| Complete 
|  85|0x00000000e5500000, 0x00000000e5600000, 0x00000000e5600000|100%|HS|  |TAMS 0x00000000e5500000, 0x00000000e5500000| Complete 
|  86|0x00000000e5600000, 0x00000000e5700000, 0x00000000e5700000|100%| O|  |TAMS 0x00000000e5600000, 0x00000000e5600000| Untracked 
|  87|0x00000000e5700000, 0x00000000e5800000, 0x00000000e5800000|100%| O|  |TAMS 0x00000000e5700000, 0x00000000e5700000| Untracked 
|  88|0x00000000e5800000, 0x00000000e5900000, 0x00000000e5900000|100%| O|  |TAMS 0x00000000e5800000, 0x00000000e5800000| Untracked 
|  89|0x00000000e5900000, 0x00000000e5a00000, 0x00000000e5a00000|100%| O|  |TAMS 0x00000000e5900000, 0x00000000e5900000| Untracked 
|  90|0x00000000e5a00000, 0x00000000e5b00000, 0x00000000e5b00000|100%| O|  |TAMS 0x00000000e5a00000, 0x00000000e5a00000| Untracked 
|  91|0x00000000e5b00000, 0x00000000e5c00000, 0x00000000e5c00000|100%| O|  |TAMS 0x00000000e5b00000, 0x00000000e5b00000| Untracked 
|  92|0x00000000e5c00000, 0x00000000e5d00000, 0x00000000e5d00000|100%| O|  |TAMS 0x00000000e5c00000, 0x00000000e5c00000| Untracked 
|  93|0x00000000e5d00000, 0x00000000e5d00000, 0x00000000e5e00000|  0%| F|  |TAMS 0x00000000e5d00000, 0x00000000e5d00000| Untracked 
|  94|0x00000000e5e00000, 0x00000000e5e00000, 0x00000000e5f00000|  0%| F|  |TAMS 0x00000000e5e00000, 0x00000000e5e00000| Untracked 
|  95|0x00000000e5f00000, 0x00000000e5f00000, 0x00000000e6000000|  0%| F|  |TAMS 0x00000000e5f00000, 0x00000000e5f00000| Untracked 
|  96|0x00000000e6000000, 0x00000000e6000000, 0x00000000e6100000|  0%| F|  |TAMS 0x00000000e6000000, 0x00000000e6000000| Untracked 
|  97|0x00000000e6100000, 0x00000000e6100000, 0x00000000e6200000|  0%| F|  |TAMS 0x00000000e6100000, 0x00000000e6100000| Untracked 
|  98|0x00000000e6200000, 0x00000000e6200000, 0x00000000e6300000|  0%| F|  |TAMS 0x00000000e6200000, 0x00000000e6200000| Untracked 
|  99|0x00000000e6300000, 0x00000000e6300000, 0x00000000e6400000|  0%| F|  |TAMS 0x00000000e6300000, 0x00000000e6300000| Untracked 
| 100|0x00000000e6400000, 0x00000000e6400000, 0x00000000e6500000|  0%| F|  |TAMS 0x00000000e6400000, 0x00000000e6400000| Untracked 
| 101|0x00000000e6500000, 0x00000000e6500000, 0x00000000e6600000|  0%| F|  |TAMS 0x00000000e6500000, 0x00000000e6500000| Untracked 
| 102|0x00000000e6600000, 0x00000000e6600000, 0x00000000e6700000|  0%| F|  |TAMS 0x00000000e6600000, 0x00000000e6600000| Untracked 
| 103|0x00000000e6700000, 0x00000000e6700000, 0x00000000e6800000|  0%| F|  |TAMS 0x00000000e6700000, 0x00000000e6700000| Untracked 
| 104|0x00000000e6800000, 0x00000000e6800000, 0x00000000e6900000|  0%| F|  |TAMS 0x00000000e6800000, 0x00000000e6800000| Untracked 
| 105|0x00000000e6900000, 0x00000000e6900000, 0x00000000e6a00000|  0%| F|  |TAMS 0x00000000e6900000, 0x00000000e6900000| Untracked 
| 106|0x00000000e6a00000, 0x00000000e6a00000, 0x00000000e6b00000|  0%| F|  |TAMS 0x00000000e6a00000, 0x00000000e6a00000| Untracked 
| 107|0x00000000e6b00000, 0x00000000e6b00000, 0x00000000e6c00000|  0%| F|  |TAMS 0x00000000e6b00000, 0x00000000e6b00000| Untracked 
| 108|0x00000000e6c00000, 0x00000000e6c00000, 0x00000000e6d00000|  0%| F|  |TAMS 0x00000000e6c00000, 0x00000000e6c00000| Untracked 
| 109|0x00000000e6d00000, 0x00000000e6d00000, 0x00000000e6e00000|  0%| F|  |TAMS 0x00000000e6d00000, 0x00000000e6d00000| Untracked 
| 110|0x00000000e6e00000, 0x00000000e6e00000, 0x00000000e6f00000|  0%| F|  |TAMS 0x00000000e6e00000, 0x00000000e6e00000| Untracked 
| 111|0x00000000e6f00000, 0x00000000e6f00000, 0x00000000e7000000|  0%| F|  |TAMS 0x00000000e6f00000, 0x00000000e6f00000| Untracked 
| 112|0x00000000e7000000, 0x00000000e7000000, 0x00000000e7100000|  0%| F|  |TAMS 0x00000000e7000000, 0x00000000e7000000| Untracked 
| 113|0x00000000e7100000, 0x00000000e7100000, 0x00000000e7200000|  0%| F|  |TAMS 0x00000000e7100000, 0x00000000e7100000| Untracked 
| 114|0x00000000e7200000, 0x00000000e7200000, 0x00000000e7300000|  0%| F|  |TAMS 0x00000000e7200000, 0x00000000e7200000| Untracked 
| 115|0x00000000e7300000, 0x00000000e7300000, 0x00000000e7400000|  0%| F|  |TAMS 0x00000000e7300000, 0x00000000e7300000| Untracked 
| 116|0x00000000e7400000, 0x00000000e7400000, 0x00000000e7500000|  0%| F|  |TAMS 0x00000000e7400000, 0x00000000e7400000| Untracked 
| 117|0x00000000e7500000, 0x00000000e7500000, 0x00000000e7600000|  0%| F|  |TAMS 0x00000000e7500000, 0x00000000e7500000| Untracked 
| 118|0x00000000e7600000, 0x00000000e7600000, 0x00000000e7700000|  0%| F|  |TAMS 0x00000000e7600000, 0x00000000e7600000| Untracked 
| 119|0x00000000e7700000, 0x00000000e7700000, 0x00000000e7800000|  0%| F|  |TAMS 0x00000000e7700000, 0x00000000e7700000| Untracked 
| 120|0x00000000e7800000, 0x00000000e7800000, 0x00000000e7900000|  0%| F|  |TAMS 0x00000000e7800000, 0x00000000e7800000| Untracked 
| 121|0x00000000e7900000, 0x00000000e7900000, 0x00000000e7a00000|  0%| F|  |TAMS 0x00000000e7900000, 0x00000000e7900000| Untracked 
| 122|0x00000000e7a00000, 0x00000000e7a00000, 0x00000000e7b00000|  0%| F|  |TAMS 0x00000000e7a00000, 0x00000000e7a00000| Untracked 
| 123|0x00000000e7b00000, 0x00000000e7b00000, 0x00000000e7c00000|  0%| F|  |TAMS 0x00000000e7b00000, 0x00000000e7b00000| Untracked 
| 124|0x00000000e7c00000, 0x00000000e7c00000, 0x00000000e7d00000|  0%| F|  |TAMS 0x00000000e7c00000, 0x00000000e7c00000| Untracked 
| 125|0x00000000e7d00000, 0x00000000e7d00000, 0x00000000e7e00000|  0%| F|  |TAMS 0x00000000e7d00000, 0x00000000e7d00000| Untracked 
| 126|0x00000000e7e00000, 0x00000000e7eb6050, 0x00000000e7f00000| 71%| S|CS|TAMS 0x00000000e7e00000, 0x00000000e7e00000| Complete 
| 127|0x00000000e7f00000, 0x00000000e8000000, 0x00000000e8000000|100%| S|CS|TAMS 0x00000000e7f00000, 0x00000000e7f00000| Complete 
| 128|0x00000000e8000000, 0x00000000e8100000, 0x00000000e8100000|100%| S|CS|TAMS 0x00000000e8000000, 0x00000000e8000000| Complete 
| 129|0x00000000e8100000, 0x00000000e8200000, 0x00000000e8200000|100%| S|CS|TAMS 0x00000000e8100000, 0x00000000e8100000| Complete 
| 130|0x00000000e8200000, 0x00000000e8300000, 0x00000000e8300000|100%| S|CS|TAMS 0x00000000e8200000, 0x00000000e8200000| Complete 
| 131|0x00000000e8300000, 0x00000000e8400000, 0x00000000e8400000|100%| S|CS|TAMS 0x00000000e8300000, 0x00000000e8300000| Complete 
| 132|0x00000000e8400000, 0x00000000e8500000, 0x00000000e8500000|100%| S|CS|TAMS 0x00000000e8400000, 0x00000000e8400000| Complete 
| 133|0x00000000e8500000, 0x00000000e8500000, 0x00000000e8600000|  0%| F|  |TAMS 0x00000000e8500000, 0x00000000e8500000| Untracked 
| 134|0x00000000e8600000, 0x00000000e8600000, 0x00000000e8700000|  0%| F|  |TAMS 0x00000000e8600000, 0x00000000e8600000| Untracked 
| 135|0x00000000e8700000, 0x00000000e8700000, 0x00000000e8800000|  0%| F|  |TAMS 0x00000000e8700000, 0x00000000e8700000| Untracked 
| 136|0x00000000e8800000, 0x00000000e8800000, 0x00000000e8900000|  0%| F|  |TAMS 0x00000000e8800000, 0x00000000e8800000| Untracked 
| 137|0x00000000e8900000, 0x00000000e8900000, 0x00000000e8a00000|  0%| F|  |TAMS 0x00000000e8900000, 0x00000000e8900000| Untracked 
| 138|0x00000000e8a00000, 0x00000000e8b00000, 0x00000000e8b00000|100%| S|CS|TAMS 0x00000000e8a00000, 0x00000000e8a00000| Complete 
| 139|0x00000000e8b00000, 0x00000000e8c00000, 0x00000000e8c00000|100%| S|CS|TAMS 0x00000000e8b00000, 0x00000000e8b00000| Complete 
| 140|0x00000000e8c00000, 0x00000000e8d00000, 0x00000000e8d00000|100%| S|CS|TAMS 0x00000000e8c00000, 0x00000000e8c00000| Complete 
| 141|0x00000000e8d00000, 0x00000000e8e00000, 0x00000000e8e00000|100%| S|CS|TAMS 0x00000000e8d00000, 0x00000000e8d00000| Complete 
| 142|0x00000000e8e00000, 0x00000000e8f00000, 0x00000000e8f00000|100%| S|CS|TAMS 0x00000000e8e00000, 0x00000000e8e00000| Complete 
| 143|0x00000000e8f00000, 0x00000000e9000000, 0x00000000e9000000|100%| S|CS|TAMS 0x00000000e8f00000, 0x00000000e8f00000| Complete 
| 144|0x00000000e9000000, 0x00000000e9100000, 0x00000000e9100000|100%| S|CS|TAMS 0x00000000e9000000, 0x00000000e9000000| Complete 
| 145|0x00000000e9100000, 0x00000000e9100000, 0x00000000e9200000|  0%| F|  |TAMS 0x00000000e9100000, 0x00000000e9100000| Untracked 
| 146|0x00000000e9200000, 0x00000000e9200000, 0x00000000e9300000|  0%| F|  |TAMS 0x00000000e9200000, 0x00000000e9200000| Untracked 
| 147|0x00000000e9300000, 0x00000000e9300000, 0x00000000e9400000|  0%| F|  |TAMS 0x00000000e9300000, 0x00000000e9300000| Untracked 
| 148|0x00000000e9400000, 0x00000000e9400000, 0x00000000e9500000|  0%| F|  |TAMS 0x00000000e9400000, 0x00000000e9400000| Untracked 
| 149|0x00000000e9500000, 0x00000000e9500000, 0x00000000e9600000|  0%| F|  |TAMS 0x00000000e9500000, 0x00000000e9500000| Untracked 
| 150|0x00000000e9600000, 0x00000000e9600000, 0x00000000e9700000|  0%| F|  |TAMS 0x00000000e9600000, 0x00000000e9600000| Untracked 
| 151|0x00000000e9700000, 0x00000000e9700000, 0x00000000e9800000|  0%| F|  |TAMS 0x00000000e9700000, 0x00000000e9700000| Untracked 
| 152|0x00000000e9800000, 0x00000000e9800000, 0x00000000e9900000|  0%| F|  |TAMS 0x00000000e9800000, 0x00000000e9800000| Untracked 
| 153|0x00000000e9900000, 0x00000000e9900000, 0x00000000e9a00000|  0%| F|  |TAMS 0x00000000e9900000, 0x00000000e9900000| Untracked 
| 154|0x00000000e9a00000, 0x00000000e9a00000, 0x00000000e9b00000|  0%| F|  |TAMS 0x00000000e9a00000, 0x00000000e9a00000| Untracked 
| 155|0x00000000e9b00000, 0x00000000e9b00000, 0x00000000e9c00000|  0%| F|  |TAMS 0x00000000e9b00000, 0x00000000e9b00000| Untracked 
| 156|0x00000000e9c00000, 0x00000000e9c00000, 0x00000000e9d00000|  0%| F|  |TAMS 0x00000000e9c00000, 0x00000000e9c00000| Untracked 
| 157|0x00000000e9d00000, 0x00000000e9d00000, 0x00000000e9e00000|  0%| F|  |TAMS 0x00000000e9d00000, 0x00000000e9d00000| Untracked 
| 158|0x00000000e9e00000, 0x00000000e9e00000, 0x00000000e9f00000|  0%| F|  |TAMS 0x00000000e9e00000, 0x00000000e9e00000| Untracked 
| 159|0x00000000e9f00000, 0x00000000e9f00000, 0x00000000ea000000|  0%| F|  |TAMS 0x00000000e9f00000, 0x00000000e9f00000| Untracked 
| 160|0x00000000ea000000, 0x00000000ea000000, 0x00000000ea100000|  0%| F|  |TAMS 0x00000000ea000000, 0x00000000ea000000| Untracked 
| 161|0x00000000ea100000, 0x00000000ea100000, 0x00000000ea200000|  0%| F|  |TAMS 0x00000000ea100000, 0x00000000ea100000| Untracked 
| 162|0x00000000ea200000, 0x00000000ea200000, 0x00000000ea300000|  0%| F|  |TAMS 0x00000000ea200000, 0x00000000ea200000| Untracked 
| 163|0x00000000ea300000, 0x00000000ea300000, 0x00000000ea400000|  0%| F|  |TAMS 0x00000000ea300000, 0x00000000ea300000| Untracked 
| 164|0x00000000ea400000, 0x00000000ea400000, 0x00000000ea500000|  0%| F|  |TAMS 0x00000000ea400000, 0x00000000ea400000| Untracked 
| 165|0x00000000ea500000, 0x00000000ea500000, 0x00000000ea600000|  0%| F|  |TAMS 0x00000000ea500000, 0x00000000ea500000| Untracked 
| 166|0x00000000ea600000, 0x00000000ea600000, 0x00000000ea700000|  0%| F|  |TAMS 0x00000000ea600000, 0x00000000ea600000| Untracked 
| 167|0x00000000ea700000, 0x00000000ea700000, 0x00000000ea800000|  0%| F|  |TAMS 0x00000000ea700000, 0x00000000ea700000| Untracked 
| 168|0x00000000ea800000, 0x00000000ea800000, 0x00000000ea900000|  0%| F|  |TAMS 0x00000000ea800000, 0x00000000ea800000| Untracked 
| 169|0x00000000ea900000, 0x00000000ea900000, 0x00000000eaa00000|  0%| F|  |TAMS 0x00000000ea900000, 0x00000000ea900000| Untracked 
| 170|0x00000000eaa00000, 0x00000000eaa00000, 0x00000000eab00000|  0%| F|  |TAMS 0x00000000eaa00000, 0x00000000eaa00000| Untracked 
| 171|0x00000000eab00000, 0x00000000eab00000, 0x00000000eac00000|  0%| F|  |TAMS 0x00000000eab00000, 0x00000000eab00000| Untracked 
| 172|0x00000000eac00000, 0x00000000eac00000, 0x00000000ead00000|  0%| F|  |TAMS 0x00000000eac00000, 0x00000000eac00000| Untracked 
| 173|0x00000000ead00000, 0x00000000ead00000, 0x00000000eae00000|  0%| F|  |TAMS 0x00000000ead00000, 0x00000000ead00000| Untracked 
| 174|0x00000000eae00000, 0x00000000eae00000, 0x00000000eaf00000|  0%| F|  |TAMS 0x00000000eae00000, 0x00000000eae00000| Untracked 
| 175|0x00000000eaf00000, 0x00000000eaf00000, 0x00000000eb000000|  0%| F|  |TAMS 0x00000000eaf00000, 0x00000000eaf00000| Untracked 
| 176|0x00000000eb000000, 0x00000000eb000000, 0x00000000eb100000|  0%| F|  |TAMS 0x00000000eb000000, 0x00000000eb000000| Untracked 
| 177|0x00000000eb100000, 0x00000000eb100000, 0x00000000eb200000|  0%| F|  |TAMS 0x00000000eb100000, 0x00000000eb100000| Untracked 
| 178|0x00000000eb200000, 0x00000000eb200000, 0x00000000eb300000|  0%| F|  |TAMS 0x00000000eb200000, 0x00000000eb200000| Untracked 
| 179|0x00000000eb300000, 0x00000000eb300000, 0x00000000eb400000|  0%| F|  |TAMS 0x00000000eb300000, 0x00000000eb300000| Untracked 
| 180|0x00000000eb400000, 0x00000000eb400000, 0x00000000eb500000|  0%| F|  |TAMS 0x00000000eb400000, 0x00000000eb400000| Untracked 
| 181|0x00000000eb500000, 0x00000000eb500000, 0x00000000eb600000|  0%| F|  |TAMS 0x00000000eb500000, 0x00000000eb500000| Untracked 
| 182|0x00000000eb600000, 0x00000000eb600000, 0x00000000eb700000|  0%| F|  |TAMS 0x00000000eb600000, 0x00000000eb600000| Untracked 
| 183|0x00000000eb700000, 0x00000000eb700000, 0x00000000eb800000|  0%| F|  |TAMS 0x00000000eb700000, 0x00000000eb700000| Untracked 
| 184|0x00000000eb800000, 0x00000000eb800000, 0x00000000eb900000|  0%| F|  |TAMS 0x00000000eb800000, 0x00000000eb800000| Untracked 
| 185|0x00000000eb900000, 0x00000000eb900000, 0x00000000eba00000|  0%| F|  |TAMS 0x00000000eb900000, 0x00000000eb900000| Untracked 
| 186|0x00000000eba00000, 0x00000000eba00000, 0x00000000ebb00000|  0%| F|  |TAMS 0x00000000eba00000, 0x00000000eba00000| Untracked 
| 187|0x00000000ebb00000, 0x00000000ebb00000, 0x00000000ebc00000|  0%| F|  |TAMS 0x00000000ebb00000, 0x00000000ebb00000| Untracked 
| 188|0x00000000ebc00000, 0x00000000ebc00000, 0x00000000ebd00000|  0%| F|  |TAMS 0x00000000ebc00000, 0x00000000ebc00000| Untracked 
| 189|0x00000000ebd00000, 0x00000000ebd00000, 0x00000000ebe00000|  0%| F|  |TAMS 0x00000000ebd00000, 0x00000000ebd00000| Untracked 
| 190|0x00000000ebe00000, 0x00000000ebe00000, 0x00000000ebf00000|  0%| F|  |TAMS 0x00000000ebe00000, 0x00000000ebe00000| Untracked 
| 191|0x00000000ebf00000, 0x00000000ebf00000, 0x00000000ec000000|  0%| F|  |TAMS 0x00000000ebf00000, 0x00000000ebf00000| Untracked 
| 192|0x00000000ec000000, 0x00000000ec000000, 0x00000000ec100000|  0%| F|  |TAMS 0x00000000ec000000, 0x00000000ec000000| Untracked 
| 193|0x00000000ec100000, 0x00000000ec100000, 0x00000000ec200000|  0%| F|  |TAMS 0x00000000ec100000, 0x00000000ec100000| Untracked 
| 194|0x00000000ec200000, 0x00000000ec200000, 0x00000000ec300000|  0%| F|  |TAMS 0x00000000ec200000, 0x00000000ec200000| Untracked 
| 195|0x00000000ec300000, 0x00000000ec300000, 0x00000000ec400000|  0%| F|  |TAMS 0x00000000ec300000, 0x00000000ec300000| Untracked 
| 196|0x00000000ec400000, 0x00000000ec400000, 0x00000000ec500000|  0%| F|  |TAMS 0x00000000ec400000, 0x00000000ec400000| Untracked 
| 197|0x00000000ec500000, 0x00000000ec500000, 0x00000000ec600000|  0%| F|  |TAMS 0x00000000ec500000, 0x00000000ec500000| Untracked 
| 198|0x00000000ec600000, 0x00000000ec600000, 0x00000000ec700000|  0%| F|  |TAMS 0x00000000ec600000, 0x00000000ec600000| Untracked 
| 199|0x00000000ec700000, 0x00000000ec700000, 0x00000000ec800000|  0%| F|  |TAMS 0x00000000ec700000, 0x00000000ec700000| Untracked 
| 200|0x00000000ec800000, 0x00000000ec800000, 0x00000000ec900000|  0%| F|  |TAMS 0x00000000ec800000, 0x00000000ec800000| Untracked 
| 201|0x00000000ec900000, 0x00000000ec900000, 0x00000000eca00000|  0%| F|  |TAMS 0x00000000ec900000, 0x00000000ec900000| Untracked 
| 202|0x00000000eca00000, 0x00000000eca00000, 0x00000000ecb00000|  0%| F|  |TAMS 0x00000000eca00000, 0x00000000eca00000| Untracked 
| 203|0x00000000ecb00000, 0x00000000ecb00000, 0x00000000ecc00000|  0%| F|  |TAMS 0x00000000ecb00000, 0x00000000ecb00000| Untracked 
| 204|0x00000000ecc00000, 0x00000000ecc00000, 0x00000000ecd00000|  0%| F|  |TAMS 0x00000000ecc00000, 0x00000000ecc00000| Untracked 
| 205|0x00000000ecd00000, 0x00000000ecd00000, 0x00000000ece00000|  0%| F|  |TAMS 0x00000000ecd00000, 0x00000000ecd00000| Untracked 
| 206|0x00000000ece00000, 0x00000000ece00000, 0x00000000ecf00000|  0%| F|  |TAMS 0x00000000ece00000, 0x00000000ece00000| Untracked 
| 207|0x00000000ecf00000, 0x00000000ecf00000, 0x00000000ed000000|  0%| F|  |TAMS 0x00000000ecf00000, 0x00000000ecf00000| Untracked 
| 208|0x00000000ed000000, 0x00000000ed000000, 0x00000000ed100000|  0%| F|  |TAMS 0x00000000ed000000, 0x00000000ed000000| Untracked 
| 209|0x00000000ed100000, 0x00000000ed100000, 0x00000000ed200000|  0%| F|  |TAMS 0x00000000ed100000, 0x00000000ed100000| Untracked 
| 210|0x00000000ed200000, 0x00000000ed200000, 0x00000000ed300000|  0%| F|  |TAMS 0x00000000ed200000, 0x00000000ed200000| Untracked 
| 211|0x00000000ed300000, 0x00000000ed300000, 0x00000000ed400000|  0%| F|  |TAMS 0x00000000ed300000, 0x00000000ed300000| Untracked 
| 212|0x00000000ed400000, 0x00000000ed400000, 0x00000000ed500000|  0%| F|  |TAMS 0x00000000ed400000, 0x00000000ed400000| Untracked 
| 213|0x00000000ed500000, 0x00000000ed500000, 0x00000000ed600000|  0%| F|  |TAMS 0x00000000ed500000, 0x00000000ed500000| Untracked 
| 214|0x00000000ed600000, 0x00000000ed600000, 0x00000000ed700000|  0%| F|  |TAMS 0x00000000ed600000, 0x00000000ed600000| Untracked 
| 215|0x00000000ed700000, 0x00000000ed700000, 0x00000000ed800000|  0%| F|  |TAMS 0x00000000ed700000, 0x00000000ed700000| Untracked 
| 216|0x00000000ed800000, 0x00000000ed800000, 0x00000000ed900000|  0%| F|  |TAMS 0x00000000ed800000, 0x00000000ed800000| Untracked 
| 217|0x00000000ed900000, 0x00000000ed900000, 0x00000000eda00000|  0%| F|  |TAMS 0x00000000ed900000, 0x00000000ed900000| Untracked 
| 218|0x00000000eda00000, 0x00000000eda00000, 0x00000000edb00000|  0%| F|  |TAMS 0x00000000eda00000, 0x00000000eda00000| Untracked 
| 219|0x00000000edb00000, 0x00000000edb00000, 0x00000000edc00000|  0%| F|  |TAMS 0x00000000edb00000, 0x00000000edb00000| Untracked 
| 220|0x00000000edc00000, 0x00000000edc00000, 0x00000000edd00000|  0%| F|  |TAMS 0x00000000edc00000, 0x00000000edc00000| Untracked 
| 221|0x00000000edd00000, 0x00000000edd00000, 0x00000000ede00000|  0%| F|  |TAMS 0x00000000edd00000, 0x00000000edd00000| Untracked 
| 222|0x00000000ede00000, 0x00000000ede00000, 0x00000000edf00000|  0%| F|  |TAMS 0x00000000ede00000, 0x00000000ede00000| Untracked 
| 223|0x00000000edf00000, 0x00000000edf00000, 0x00000000ee000000|  0%| F|  |TAMS 0x00000000edf00000, 0x00000000edf00000| Untracked 
| 224|0x00000000ee000000, 0x00000000ee000000, 0x00000000ee100000|  0%| F|  |TAMS 0x00000000ee000000, 0x00000000ee000000| Untracked 
| 225|0x00000000ee100000, 0x00000000ee100000, 0x00000000ee200000|  0%| F|  |TAMS 0x00000000ee100000, 0x00000000ee100000| Untracked 
| 226|0x00000000ee200000, 0x00000000ee200000, 0x00000000ee300000|  0%| F|  |TAMS 0x00000000ee200000, 0x00000000ee200000| Untracked 
| 227|0x00000000ee300000, 0x00000000ee300000, 0x00000000ee400000|  0%| F|  |TAMS 0x00000000ee300000, 0x00000000ee300000| Untracked 
| 228|0x00000000ee400000, 0x00000000ee400000, 0x00000000ee500000|  0%| F|  |TAMS 0x00000000ee400000, 0x00000000ee400000| Untracked 
| 229|0x00000000ee500000, 0x00000000ee500000, 0x00000000ee600000|  0%| F|  |TAMS 0x00000000ee500000, 0x00000000ee500000| Untracked 
| 230|0x00000000ee600000, 0x00000000ee600000, 0x00000000ee700000|  0%| F|  |TAMS 0x00000000ee600000, 0x00000000ee600000| Untracked 
| 231|0x00000000ee700000, 0x00000000ee700000, 0x00000000ee800000|  0%| F|  |TAMS 0x00000000ee700000, 0x00000000ee700000| Untracked 
| 232|0x00000000ee800000, 0x00000000ee800000, 0x00000000ee900000|  0%| F|  |TAMS 0x00000000ee800000, 0x00000000ee800000| Untracked 
| 233|0x00000000ee900000, 0x00000000eea00000, 0x00000000eea00000|100%| E|  |TAMS 0x00000000ee900000, 0x00000000ee900000| Complete 
| 234|0x00000000eea00000, 0x00000000eeb00000, 0x00000000eeb00000|100%| E|CS|TAMS 0x00000000eea00000, 0x00000000eea00000| Complete 
| 235|0x00000000eeb00000, 0x00000000eec00000, 0x00000000eec00000|100%| E|CS|TAMS 0x00000000eeb00000, 0x00000000eeb00000| Complete 
| 236|0x00000000eec00000, 0x00000000eed00000, 0x00000000eed00000|100%| E|CS|TAMS 0x00000000eec00000, 0x00000000eec00000| Complete 
| 237|0x00000000eed00000, 0x00000000eee00000, 0x00000000eee00000|100%| E|CS|TAMS 0x00000000eed00000, 0x00000000eed00000| Complete 
| 238|0x00000000eee00000, 0x00000000eef00000, 0x00000000eef00000|100%| E|CS|TAMS 0x00000000eee00000, 0x00000000eee00000| Complete 
| 239|0x00000000eef00000, 0x00000000ef000000, 0x00000000ef000000|100%| E|CS|TAMS 0x00000000eef00000, 0x00000000eef00000| Complete 
| 240|0x00000000ef000000, 0x00000000ef100000, 0x00000000ef100000|100%| E|CS|TAMS 0x00000000ef000000, 0x00000000ef000000| Complete 
| 241|0x00000000ef100000, 0x00000000ef200000, 0x00000000ef200000|100%| E|CS|TAMS 0x00000000ef100000, 0x00000000ef100000| Complete 
| 242|0x00000000ef200000, 0x00000000ef300000, 0x00000000ef300000|100%| E|CS|TAMS 0x00000000ef200000, 0x00000000ef200000| Complete 
| 243|0x00000000ef300000, 0x00000000ef400000, 0x00000000ef400000|100%| E|CS|TAMS 0x00000000ef300000, 0x00000000ef300000| Complete 
| 244|0x00000000ef400000, 0x00000000ef500000, 0x00000000ef500000|100%| E|CS|TAMS 0x00000000ef400000, 0x00000000ef400000| Complete 
| 245|0x00000000ef500000, 0x00000000ef600000, 0x00000000ef600000|100%| E|CS|TAMS 0x00000000ef500000, 0x00000000ef500000| Complete 
| 246|0x00000000ef600000, 0x00000000ef700000, 0x00000000ef700000|100%| E|CS|TAMS 0x00000000ef600000, 0x00000000ef600000| Complete 
| 247|0x00000000ef700000, 0x00000000ef800000, 0x00000000ef800000|100%| E|CS|TAMS 0x00000000ef700000, 0x00000000ef700000| Complete 
| 248|0x00000000ef800000, 0x00000000ef900000, 0x00000000ef900000|100%| E|CS|TAMS 0x00000000ef800000, 0x00000000ef800000| Complete 
| 249|0x00000000ef900000, 0x00000000efa00000, 0x00000000efa00000|100%| E|CS|TAMS 0x00000000ef900000, 0x00000000ef900000| Complete 
| 250|0x00000000efa00000, 0x00000000efb00000, 0x00000000efb00000|100%| E|CS|TAMS 0x00000000efa00000, 0x00000000efa00000| Complete 
| 251|0x00000000efb00000, 0x00000000efc00000, 0x00000000efc00000|100%| E|CS|TAMS 0x00000000efb00000, 0x00000000efb00000| Complete 
| 252|0x00000000efc00000, 0x00000000efd00000, 0x00000000efd00000|100%| E|CS|TAMS 0x00000000efc00000, 0x00000000efc00000| Complete 
| 253|0x00000000efd00000, 0x00000000efe00000, 0x00000000efe00000|100%| E|CS|TAMS 0x00000000efd00000, 0x00000000efd00000| Complete 
| 254|0x00000000efe00000, 0x00000000eff00000, 0x00000000eff00000|100%| E|CS|TAMS 0x00000000efe00000, 0x00000000efe00000| Complete 
| 255|0x00000000eff00000, 0x00000000f0000000, 0x00000000f0000000|100%| E|CS|TAMS 0x00000000eff00000, 0x00000000eff00000| Complete 

Card table byte_map: [0x00000251ff0f0000,0x00000251ff1f0000] _byte_map_base: 0x00000251fe9f0000

Marking Bits (Prev, Next): (CMBitMap*) 0x00000251f5739190, (CMBitMap*) 0x00000251f57391d0
 Prev Bits: [0x00000251ff2f0000, 0x00000251ffaf0000)
 Next Bits: [0x000002518f000000, 0x000002518f800000)

Polling page: 0x00000251f5570000

Metaspace:

Usage:
  Non-class:     40.95 MB used.
      Class:      6.69 MB used.
       Both:     47.64 MB used.

Virtual space:
  Non-class space:       48.00 MB reserved,      41.25 MB ( 86%) committed,  6 nodes.
      Class space:      208.00 MB reserved,       7.00 MB (  3%) committed,  1 nodes.
             Both:      256.00 MB reserved,      48.25 MB ( 19%) committed. 

Chunk freelists:
   Non-Class:  2.44 MB
       Class:  1020.00 KB
        Both:  3.43 MB

MaxMetaspaceSize: 256.00 MB
CompressedClassSpaceSize: 208.00 MB
Initial GC threshold: 21.00 MB
Current GC threshold: 58.69 MB
CDS: on
MetaspaceReclaimPolicy: balanced
 - commit_granule_bytes: 65536.
 - commit_granule_words: 8192.
 - virtual_space_node_default_size: 1048576.
 - enlarge_chunks_in_place: 1.
 - new_chunks_are_fully_committed: 0.
 - uncommit_free_chunks: 1.
 - use_allocation_guard: 0.
 - handle_deallocations: 1.


Internal statistics:

num_allocs_failed_limit: 6.
num_arena_births: 676.
num_arena_deaths: 0.
num_vsnodes_births: 7.
num_vsnodes_deaths: 0.
num_space_committed: 772.
num_space_uncommitted: 0.
num_chunks_returned_to_freelist: 6.
num_chunks_taken_from_freelist: 2661.
num_chunk_merges: 6.
num_chunk_splits: 1702.
num_chunks_enlarged: 1058.
num_purges: 0.
num_inconsistent_stats: 0.

CodeHeap 'non-profiled nmethods': size=120000Kb used=2308Kb max_used=2985Kb free=117691Kb
 bounds [0x0000025187ad0000, 0x0000025187dc0000, 0x000002518f000000]
CodeHeap 'profiled nmethods': size=120000Kb used=9472Kb max_used=11048Kb free=110527Kb
 bounds [0x0000025180000000, 0x0000025180ad0000, 0x0000025187530000]
CodeHeap 'non-nmethods': size=5760Kb used=2329Kb max_used=2360Kb free=3430Kb
 bounds [0x0000025187530000, 0x00000251877a0000, 0x0000025187ad0000]
 total_blobs=5503 nmethods=4654 adapters=762
 compilation: enabled
              stopped_count=0, restarted_count=0
 full_count=0

Compilation events (20 events):
Event: 53.087 Thread 0x0000025191992100 nmethod 5389 0x0000025187b7e290 code [0x0000025187b7e440, 0x0000025187b7f178]
Event: 53.087 Thread 0x0000025191992100 5400       4       java.lang.String::regionMatches (150 bytes)
Event: 53.118 Thread 0x0000025191992100 nmethod 5400 0x0000025187af8790 code [0x0000025187af8940, 0x0000025187af90d8]
Event: 53.118 Thread 0x0000025191992100 5390       4       jdk.internal.org.objectweb.asm.MethodWriter::visitMethodInsn (191 bytes)
Event: 53.237 Thread 0x0000025191992100 nmethod 5390 0x0000025187b4ad90 code [0x0000025187b4b060, 0x0000025187b4c8c8]
Event: 53.298 Thread 0x0000025191992100 5401       4       java.lang.ClassLoader::compareCerts (197 bytes)
Event: 53.300 Thread 0x0000025191992100 nmethod 5401 0x0000025187af8410 code [0x0000025187af8580, 0x0000025187af8658]
Event: 53.306 Thread 0x0000025191992100 5402       4       java.lang.Class::getMethodsRecursive (99 bytes)
Event: 53.318 Thread 0x00000251919955c0 5404       3       org.codehaus.groovy.reflection.stdclasses.CachedSAMClass::isAssignableFrom (30 bytes)
Event: 53.319 Thread 0x00000251919955c0 nmethod 5404 0x00000251806f0c10 code [0x00000251806f0de0, 0x00000251806f10f8]
Event: 53.329 Thread 0x00000251919955c0 5406       3       java.util.Hashtable::getIterator (22 bytes)
Event: 53.329 Thread 0x00000251919955c0 nmethod 5406 0x000002518097d490 code [0x000002518097d640, 0x000002518097d8c8]
Event: 53.336 Thread 0x00000251919955c0 5409       3       com.sun.beans.util.Cache$Kind$Soft::isStale (14 bytes)
Event: 53.337 Thread 0x00000251919955c0 nmethod 5409 0x00000251806e5a90 code [0x00000251806e5c40, 0x00000251806e5e68]
Event: 53.338 Thread 0x00000251919955c0 5410       3       com.sun.beans.WeakCache::get (42 bytes)
Event: 53.339 Thread 0x00000251919955c0 nmethod 5410 0x0000025180181090 code [0x0000025180181260, 0x0000025180181788]
Event: 53.342 Thread 0x00000251919955c0 5411   !   3       com.sun.beans.introspect.ClassInfo::getMethods (47 bytes)
Event: 53.343 Thread 0x00000251919955c0 nmethod 5411 0x00000251804dbc90 code [0x00000251804dbe40, 0x00000251804dc148]
Event: 53.344 Thread 0x00000251919955c0 5412       3       java.util.LinkedList$ListItr::set (28 bytes)
Event: 53.345 Thread 0x00000251919955c0 nmethod 5412 0x0000025180601110 code [0x00000251806012e0, 0x00000251806016d8]

GC Heap History (12 events):
Event: 1.585 GC heap before
{Heap before GC invocations=0 (full 0):
 garbage-first heap   total 262144K, used 13312K [0x00000000e0000000, 0x0000000100000000)
  region size 1024K, 13 young (13312K), 0 survivors (0K)
 Metaspace       used 962K, committed 1088K, reserved 221184K
  class space    used 75K, committed 128K, reserved 212992K
}
Event: 1.591 GC heap after
{Heap after GC invocations=1 (full 0):
 garbage-first heap   total 262144K, used 3695K [0x00000000e0000000, 0x0000000100000000)
  region size 1024K, 2 young (2048K), 2 survivors (2048K)
 Metaspace       used 962K, committed 1088K, reserved 221184K
  class space    used 75K, committed 128K, reserved 212992K
}
Event: 4.266 GC heap before
{Heap before GC invocations=1 (full 0):
 garbage-first heap   total 262144K, used 21103K [0x00000000e0000000, 0x0000000100000000)
  region size 1024K, 17 young (17408K), 2 survivors (2048K)
 Metaspace       used 3814K, committed 4032K, reserved 221184K
  class space    used 476K, committed 576K, reserved 212992K
}
Event: 4.273 GC heap after
{Heap after GC invocations=2 (full 0):
 garbage-first heap   total 262144K, used 9607K [0x00000000e0000000, 0x0000000100000000)
  region size 1024K, 3 young (3072K), 3 survivors (3072K)
 Metaspace       used 3814K, committed 4032K, reserved 221184K
  class space    used 476K, committed 576K, reserved 212992K
}
Event: 4.993 GC heap before
{Heap before GC invocations=2 (full 0):
 garbage-first heap   total 262144K, used 32135K [0x00000000e0000000, 0x0000000100000000)
  region size 1024K, 24 young (24576K), 3 survivors (3072K)
 Metaspace       used 3927K, committed 4096K, reserved 221184K
  class space    used 476K, committed 576K, reserved 212992K
}
Event: 4.998 GC heap after
{Heap after GC invocations=3 (full 0):
 garbage-first heap   total 262144K, used 12317K [0x00000000e0000000, 0x0000000100000000)
  region size 1024K, 3 young (3072K), 3 survivors (3072K)
 Metaspace       used 3927K, committed 4096K, reserved 221184K
  class space    used 476K, committed 576K, reserved 212992K
}
Event: 17.191 GC heap before
{Heap before GC invocations=3 (full 0):
 garbage-first heap   total 262144K, used 143389K [0x00000000e0000000, 0x0000000100000000)
  region size 1024K, 104 young (106496K), 3 survivors (3072K)
 Metaspace       used 21196K, committed 21504K, reserved 237568K
  class space    used 3160K, committed 3328K, reserved 212992K
}
Event: 17.218 GC heap after
{Heap after GC invocations=4 (full 0):
 garbage-first heap   total 262144K, used 52357K [0x00000000e0000000, 0x0000000100000000)
  region size 1024K, 14 young (14336K), 14 survivors (14336K)
 Metaspace       used 21196K, committed 21504K, reserved 237568K
  class space    used 3160K, committed 3328K, reserved 212992K
}
Event: 37.999 GC heap before
{Heap before GC invocations=5 (full 0):
 garbage-first heap   total 262144K, used 155781K [0x00000000e0000000, 0x0000000100000000)
  region size 1024K, 114 young (116736K), 14 survivors (14336K)
 Metaspace       used 35633K, committed 35968K, reserved 245760K
  class space    used 4962K, committed 5120K, reserved 212992K
}
Event: 38.031 GC heap after
{Heap after GC invocations=6 (full 0):
 garbage-first heap   total 262144K, used 60210K [0x00000000e0000000, 0x0000000100000000)
  region size 1024K, 9 young (9216K), 9 survivors (9216K)
 Metaspace       used 35633K, committed 35968K, reserved 245760K
  class space    used 4962K, committed 5120K, reserved 212992K
}
Event: 51.493 GC heap before
{Heap before GC invocations=7 (full 0):
 garbage-first heap   total 262144K, used 204594K [0x00000000e0000000, 0x0000000100000000)
  region size 1024K, 116 young (118784K), 9 survivors (9216K)
 Metaspace       used 47185K, committed 47808K, reserved 262144K
  class space    used 6633K, committed 6912K, reserved 212992K
}
Event: 51.533 GC heap after
{Heap after GC invocations=8 (full 0):
 garbage-first heap   total 262144K, used 108248K [0x00000000e0000000, 0x0000000100000000)
  region size 1024K, 14 young (14336K), 14 survivors (14336K)
 Metaspace       used 47185K, committed 47808K, reserved 262144K
  class space    used 6633K, committed 6912K, reserved 212992K
}

Dll operation events (12 events):
Event: 0.026 Loaded shared library C:\Program Files\Eclipse Adoptium\jdk-17.0.6.10-hotspot\bin\java.dll
Event: 0.177 Loaded shared library C:\Program Files\Eclipse Adoptium\jdk-17.0.6.10-hotspot\bin\jsvml.dll
Event: 0.402 Loaded shared library C:\Program Files\Eclipse Adoptium\jdk-17.0.6.10-hotspot\bin\net.dll
Event: 0.407 Loaded shared library C:\Program Files\Eclipse Adoptium\jdk-17.0.6.10-hotspot\bin\nio.dll
Event: 0.419 Loaded shared library C:\Program Files\Eclipse Adoptium\jdk-17.0.6.10-hotspot\bin\zip.dll
Event: 1.199 Loaded shared library C:\Program Files\Eclipse Adoptium\jdk-17.0.6.10-hotspot\bin\jimage.dll
Event: 1.498 Loaded shared library C:\Program Files\Eclipse Adoptium\jdk-17.0.6.10-hotspot\bin\verify.dll
Event: 3.272 Loaded shared library C:\Users\waka\.gradle\native\68d5fa5c4cc2d200863cafc0d521ce42e7d3e7ee720ec0a83991735586a16f82\windows-amd64\native-platform.dll
Event: 3.332 Loaded shared library C:\Users\waka\.gradle\native\e376f236ea51e6404a007f0833ffe2c6e607c4080706a723a18a27aeea778392\windows-amd64\native-platform-file-events.dll
Event: 5.612 Loaded shared library C:\Program Files\Eclipse Adoptium\jdk-17.0.6.10-hotspot\bin\management.dll
Event: 5.619 Loaded shared library C:\Program Files\Eclipse Adoptium\jdk-17.0.6.10-hotspot\bin\management_ext.dll
Event: 8.054 Loaded shared library C:\Program Files\Eclipse Adoptium\jdk-17.0.6.10-hotspot\bin\sunmscapi.dll

Deoptimization events (20 events):
Event: 49.939 Thread 0x000002519198a950 DEOPT PACKING pc=0x0000025187cedff8 sp=0x000000ba098fa830
Event: 49.939 Thread 0x000002519198a950 DEOPT UNPACKING pc=0x00000251875869a3 sp=0x000000ba098fa780 mode 2
Event: 51.685 Thread 0x00000251941d2020 Uncommon trap: trap_request=0xffffffbe fr.pc=0x0000025187b7226c relative=0x0000000000000a6c
Event: 51.685 Thread 0x00000251941d2020 Uncommon trap: reason=profile_predicate action=maybe_recompile pc=0x0000025187b7226c method=java.util.TreeMap.getEntryUsingComparator(Ljava/lang/Object;)Ljava/util/TreeMap$Entry; @ 19 c2
Event: 51.686 Thread 0x00000251941d2020 DEOPT PACKING pc=0x0000025187b7226c sp=0x000000ba0b2fdd40
Event: 51.709 Thread 0x00000251941d2020 DEOPT UNPACKING pc=0x00000251875869a3 sp=0x000000ba0b2fdc70 mode 2
Event: 52.007 Thread 0x00000251941d2020 Uncommon trap: trap_request=0xffffffde fr.pc=0x0000025187c35498 relative=0x0000000000000078
Event: 52.007 Thread 0x00000251941d2020 Uncommon trap: reason=class_check action=maybe_recompile pc=0x0000025187c35498 method=java.util.Collections$SetFromMap.remove(Ljava/lang/Object;)Z @ 5 c2
Event: 52.007 Thread 0x00000251941d2020 DEOPT PACKING pc=0x0000025187c35498 sp=0x000000ba0b2fdcf0
Event: 52.007 Thread 0x00000251941d2020 DEOPT UNPACKING pc=0x00000251875869a3 sp=0x000000ba0b2fdc88 mode 2
Event: 52.581 Thread 0x00000251941d24f0 Uncommon trap: trap_request=0xffffffde fr.pc=0x0000025187d058f8 relative=0x0000000000000258
Event: 52.581 Thread 0x00000251941d24f0 Uncommon trap: reason=class_check action=maybe_recompile pc=0x0000025187d058f8 method=java.util.stream.StreamOpFlag.fromCharacteristics(Ljava/util/Spliterator;)I @ 14 c2
Event: 52.581 Thread 0x00000251941d24f0 DEOPT PACKING pc=0x0000025187d058f8 sp=0x000000ba0b5fe930
Event: 52.581 Thread 0x00000251941d24f0 DEOPT UNPACKING pc=0x00000251875869a3 sp=0x000000ba0b5fe818 mode 2
Event: 52.732 Thread 0x00000251941d24f0 DEOPT PACKING pc=0x0000025180a58654 sp=0x000000ba0b5feb60
Event: 52.732 Thread 0x00000251941d24f0 DEOPT UNPACKING pc=0x0000025187587143 sp=0x000000ba0b5fe020 mode 0
Event: 52.735 Thread 0x00000251941d24f0 Uncommon trap: trap_request=0xffffffde fr.pc=0x0000025187c35498 relative=0x0000000000000078
Event: 52.735 Thread 0x00000251941d24f0 Uncommon trap: reason=class_check action=maybe_recompile pc=0x0000025187c35498 method=java.util.Collections$SetFromMap.remove(Ljava/lang/Object;)Z @ 5 c2
Event: 52.735 Thread 0x00000251941d24f0 DEOPT PACKING pc=0x0000025187c35498 sp=0x000000ba0b5ff020
Event: 52.736 Thread 0x00000251941d24f0 DEOPT UNPACKING pc=0x00000251875869a3 sp=0x000000ba0b5fefb8 mode 2

Classes unloaded (0 events):
No events

Classes redefined (0 events):
No events

Internal exceptions (20 events):
Event: 52.751 Thread 0x0000025194132610 Exception <a 'java/lang/NoSuchMethodError'{0x00000000efceb9e8}: static Lorg/gradle/internal/build/event/types/DefaultTaskSuccessResult;.<clinit>()V> (0x00000000efceb9e8) 
thrown [s\src\hotspot\share\prims\jni.cpp, line 1107]
Event: 52.753 Thread 0x0000025194132610 Exception <a 'java/lang/NoSuchMethodError'{0x00000000efcecc58}: static Lorg/gradle/internal/build/event/types/AbstractTaskResult;.<clinit>()V> (0x00000000efcecc58) 
thrown [s\src\hotspot\share\prims\jni.cpp, line 1107]
Event: 52.755 Thread 0x0000025194132610 Exception <a 'java/lang/NoSuchMethodError'{0x00000000efcee300}: static Lorg/gradle/internal/build/event/types/AbstractResult;.<clinit>()V> (0x00000000efcee300) 
thrown [s\src\hotspot\share\prims\jni.cpp, line 1107]
Event: 53.056 Thread 0x000002519198a950 Exception <a 'java/lang/ClassNotFoundException'{0x00000000efa68b68}: org/jetbrains/plugins/gradle/tooling/util/SourceSetCachedFinder$1BeanInfo> (0x00000000efa68b68) 
thrown [s\src\hotspot\share\classfile\systemDictionary.cpp, line 256]
Event: 53.057 Thread 0x000002519198a950 Exception <a 'java/lang/ClassNotFoundException'{0x00000000efa71028}: org/jetbrains/plugins/gradle/tooling/util/SourceSetCachedFinder$1Customizer> (0x00000000efa71028) 
thrown [s\src\hotspot\share\classfile\systemDictionary.cpp, line 256]
Event: 53.061 Thread 0x00000251941d29c0 Exception <a 'java/lang/NoSuchMethodError'{0x00000000efa87b68}: static Lorg/jetbrains/kotlin/idea/gradleTooling/model/noarg/NoArgModelImpl;.<clinit>()V> (0x00000000efa87b68) 
thrown [s\src\hotspot\share\prims\jni.cpp, line 1107]
Event: 53.063 Thread 0x000002519198a950 Exception <a 'java/lang/ClassNotFoundException'{0x00000000efabcee0}: org/jetbrains/plugins/gradle/tooling/util/SourceSetCachedFinder$2BeanInfo> (0x00000000efabcee0) 
thrown [s\src\hotspot\share\classfile\systemDictionary.cpp, line 256]
Event: 53.064 Thread 0x000002519198a950 Exception <a 'java/lang/ClassNotFoundException'{0x00000000efac53a0}: org/jetbrains/plugins/gradle/tooling/util/SourceSetCachedFinder$2Customizer> (0x00000000efac53a0) 
thrown [s\src\hotspot\share\classfile\systemDictionary.cpp, line 256]
Event: 53.071 Thread 0x000002519198a950 Exception <a 'java/lang/ClassNotFoundException'{0x00000000efaf3940}: org/jetbrains/plugins/gradle/tooling/util/SourceSetCachedFinderBeanInfo> (0x00000000efaf3940) 
thrown [s\src\hotspot\share\classfile\systemDictionary.cpp, line 256]
Event: 53.072 Thread 0x000002519198a950 Exception <a 'java/lang/ClassNotFoundException'{0x00000000efafbde8}: org/jetbrains/plugins/gradle/tooling/util/SourceSetCachedFinderCustomizer> (0x00000000efafbde8) 
thrown [s\src\hotspot\share\classfile\systemDictionary.cpp, line 256]
Event: 53.320 Thread 0x000002519198a950 Exception <a 'java/lang/ClassNotFoundException'{0x00000000ef7c3900}: org/gradle/api/internal/tasks/DefaultSourceSetContainer_DecoratedBeanInfo> (0x00000000ef7c3900) 
thrown [s\src\hotspot\share\classfile\systemDictionary.cpp, line 256]
Event: 53.322 Thread 0x000002519198a950 Exception <a 'java/lang/ClassNotFoundException'{0x00000000ef7cea88}: org/gradle/api/internal/tasks/DefaultSourceSetContainerBeanInfo> (0x00000000ef7cea88) 
thrown [s\src\hotspot\share\classfile\systemDictionary.cpp, line 256]
Event: 53.323 Thread 0x000002519198a950 Exception <a 'java/lang/ClassNotFoundException'{0x00000000ef7d7bb8}: org/gradle/api/internal/AbstractValidatingNamedDomainObjectContainerBeanInfo> (0x00000000ef7d7bb8) 
thrown [s\src\hotspot\share\classfile\systemDictionary.cpp, line 256]
Event: 53.325 Thread 0x000002519198a950 Exception <a 'java/lang/ClassNotFoundException'{0x00000000ef7e0ed0}: org/gradle/api/internal/AbstractNamedDomainObjectContainerBeanInfo> (0x00000000ef7e0ed0) 
thrown [s\src\hotspot\share\classfile\systemDictionary.cpp, line 256]
Event: 53.326 Thread 0x000002519198a950 Exception <a 'java/lang/ClassNotFoundException'{0x00000000ef7ea150}: org/gradle/api/internal/DefaultNamedDomainObjectSetBeanInfo> (0x00000000ef7ea150) 
thrown [s\src\hotspot\share\classfile\systemDictionary.cpp, line 256]
Event: 53.327 Thread 0x000002519198a950 Exception <a 'java/lang/ClassNotFoundException'{0x00000000ef7f3398}: org/gradle/api/internal/DefaultNamedDomainObjectSetCustomizer> (0x00000000ef7f3398) 
thrown [s\src\hotspot\share\classfile\systemDictionary.cpp, line 256]
Event: 53.330 Thread 0x000002519198a950 Exception <a 'java/lang/ClassNotFoundException'{0x00000000ef6127c0}: org/gradle/api/internal/AbstractNamedDomainObjectContainerCustomizer> (0x00000000ef6127c0) 
thrown [s\src\hotspot\share\classfile\systemDictionary.cpp, line 256]
Event: 53.333 Thread 0x000002519198a950 Exception <a 'java/lang/ClassNotFoundException'{0x00000000ef62f288}: org/gradle/api/internal/AbstractValidatingNamedDomainObjectContainerCustomizer> (0x00000000ef62f288) 
thrown [s\src\hotspot\share\classfile\systemDictionary.cpp, line 256]
Event: 53.336 Thread 0x000002519198a950 Exception <a 'java/lang/ClassNotFoundException'{0x00000000ef644c40}: org/gradle/api/internal/tasks/DefaultSourceSetContainerCustomizer> (0x00000000ef644c40) 
thrown [s\src\hotspot\share\classfile\systemDictionary.cpp, line 256]
Event: 53.340 Thread 0x000002519198a950 Exception <a 'java/lang/ClassNotFoundException'{0x00000000ef65abb8}: org/gradle/api/internal/tasks/DefaultSourceSetContainer_DecoratedCustomizer> (0x00000000ef65abb8) 
thrown [s\src\hotspot\share\classfile\systemDictionary.cpp, line 256]

VM Operations (20 events):
Event: 49.846 Executing VM operation: HandshakeAllThreads
Event: 49.847 Executing VM operation: HandshakeAllThreads done
Event: 49.951 Executing VM operation: HandshakeAllThreads
Event: 49.953 Executing VM operation: HandshakeAllThreads done
Event: 50.151 Executing VM operation: HandshakeAllThreads
Event: 50.151 Executing VM operation: HandshakeAllThreads done
Event: 50.265 Executing VM operation: HandshakeAllThreads
Event: 50.265 Executing VM operation: HandshakeAllThreads done
Event: 51.265 Executing VM operation: Cleanup
Event: 51.265 Executing VM operation: Cleanup done
Event: 51.493 Executing VM operation: G1CollectForAllocation
Event: 51.533 Executing VM operation: G1CollectForAllocation done
Event: 52.456 Executing VM operation: HandshakeAllThreads
Event: 52.456 Executing VM operation: HandshakeAllThreads done
Event: 52.488 Executing VM operation: HandshakeAllThreads
Event: 52.488 Executing VM operation: HandshakeAllThreads done
Event: 52.725 Executing VM operation: HandshakeAllThreads
Event: 52.725 Executing VM operation: HandshakeAllThreads done
Event: 52.725 Executing VM operation: Cleanup
Event: 52.725 Executing VM operation: Cleanup done

Events (20 events):
Event: 49.964 Thread 0x00000251919ace80 flushing nmethod 0x00000251808e4910
Event: 49.964 Thread 0x00000251919ace80 flushing nmethod 0x0000025180934410
Event: 49.964 Thread 0x00000251919ace80 flushing nmethod 0x000002518097b610
Event: 49.964 Thread 0x00000251919ace80 flushing nmethod 0x000002518097d490
Event: 49.964 Thread 0x00000251919ace80 flushing nmethod 0x0000025180983510
Event: 49.964 Thread 0x00000251919ace80 flushing nmethod 0x0000025180985410
Event: 49.964 Thread 0x00000251919ace80 flushing nmethod 0x0000025180986410
Event: 49.965 Thread 0x00000251919ace80 flushing nmethod 0x00000251809ff790
Event: 51.542 Thread 0x00000251941d2020 Thread added: 0x00000251941d2020
Event: 51.663 Thread 0x00000251941ceb30 Thread added: 0x00000251941ceb30
Event: 51.664 Thread 0x00000251941d5040 Thread added: 0x00000251941d5040
Event: 51.664 Thread 0x00000251941d24f0 Thread added: 0x00000251941d24f0
Event: 52.043 Thread 0x00000251941cf9a0 Thread added: 0x00000251941cf9a0
Event: 52.558 loading class java/util/TreeMap$KeySpliterator
Event: 52.579 loading class java/util/TreeMap$TreeMapSpliterator
Event: 52.581 loading class java/util/TreeMap$TreeMapSpliterator done
Event: 52.581 loading class java/util/TreeMap$KeySpliterator done
Event: 52.751 loading class java/util/concurrent/ConcurrentLinkedQueue$Itr
Event: 52.754 loading class java/util/concurrent/ConcurrentLinkedQueue$Itr done
Event: 53.037 Thread 0x00000251941d29c0 Thread added: 0x00000251941d29c0


Dynamic libraries:
0x00007ff7b7a80000 - 0x00007ff7b7a8e000 	C:\Program Files\Eclipse Adoptium\jdk-17.0.6.10-hotspot\bin\java.exe
0x00007ffb01650000 - 0x00007ffb01848000 	C:\WINDOWS\SYSTEM32\ntdll.dll
0x00007ffb00f00000 - 0x00007ffb00fbf000 	C:\WINDOWS\System32\KERNEL32.DLL
0x00007ffaff350000 - 0x00007ffaff622000 	C:\WINDOWS\System32\KERNELBASE.dll
0x00007ffafeea0000 - 0x00007ffafefa0000 	C:\WINDOWS\System32\ucrtbase.dll
0x00007ffafa440000 - 0x00007ffafa457000 	C:\Program Files\Eclipse Adoptium\jdk-17.0.6.10-hotspot\bin\jli.dll
0x00007ffb01020000 - 0x00007ffb011c1000 	C:\WINDOWS\System32\USER32.dll
0x00007ffaff660000 - 0x00007ffaff682000 	C:\WINDOWS\System32\win32u.dll
0x00007ffb00920000 - 0x00007ffb0094b000 	C:\WINDOWS\System32\GDI32.dll
0x00007ffaff130000 - 0x00007ffaff23f000 	C:\WINDOWS\System32\gdi32full.dll
0x00007ffaff240000 - 0x00007ffaff2dd000 	C:\WINDOWS\System32\msvcp_win.dll
0x00007ffaf6190000 - 0x00007ffaf61a9000 	C:\Program Files\Eclipse Adoptium\jdk-17.0.6.10-hotspot\bin\VCRUNTIME140.dll
0x00007ffaf0c10000 - 0x00007ffaf0eaa000 	C:\WINDOWS\WinSxS\amd64_microsoft.windows.common-controls_6595b64144ccf1df_6.0.19041.1110_none_60b5254171f9507e\COMCTL32.dll
0x00007ffaff7a0000 - 0x00007ffaff83e000 	C:\WINDOWS\System32\msvcrt.dll
0x00007ffaff8f0000 - 0x00007ffaff922000 	C:\WINDOWS\System32\IMM32.DLL
0x00007ffafb9f0000 - 0x00007ffafb9fc000 	C:\Program Files\Eclipse Adoptium\jdk-17.0.6.10-hotspot\bin\vcruntime140_1.dll
0x00007ffade120000 - 0x00007ffade1b1000 	C:\Program Files\Eclipse Adoptium\jdk-17.0.6.10-hotspot\bin\msvcp140.dll
0x00007ffacfac0000 - 0x00007ffad0707000 	C:\Program Files\Eclipse Adoptium\jdk-17.0.6.10-hotspot\bin\server\jvm.dll
0x00007ffaff690000 - 0x00007ffaff73e000 	C:\WINDOWS\System32\ADVAPI32.dll
0x00007ffb01490000 - 0x00007ffb0152c000 	C:\WINDOWS\System32\sechost.dll
0x00007ffb01300000 - 0x00007ffb01425000 	C:\WINDOWS\System32\RPCRT4.dll
0x00007ffae80e0000 - 0x00007ffae80e9000 	C:\WINDOWS\SYSTEM32\WSOCK32.dll
0x00007ffb00680000 - 0x00007ffb006eb000 	C:\WINDOWS\System32\WS2_32.dll
0x00007ffaf6c20000 - 0x00007ffaf6c47000 	C:\WINDOWS\SYSTEM32\WINMM.dll
0x00007ffaf6c50000 - 0x00007ffaf6c5a000 	C:\WINDOWS\SYSTEM32\VERSION.dll
0x00007ffafd590000 - 0x00007ffafd5a2000 	C:\WINDOWS\SYSTEM32\kernel.appcore.dll
0x00007ffafa4e0000 - 0x00007ffafa4ea000 	C:\Program Files\Eclipse Adoptium\jdk-17.0.6.10-hotspot\bin\jimage.dll
0x00007ffafd370000 - 0x00007ffafd554000 	C:\WINDOWS\SYSTEM32\DBGHELP.DLL
0x00007ffaee070000 - 0x00007ffaee0a5000 	C:\WINDOWS\SYSTEM32\dbgcore.DLL
0x00007ffaff0a0000 - 0x00007ffaff122000 	C:\WINDOWS\System32\bcryptPrimitives.dll
0x00007ffaed930000 - 0x00007ffaed955000 	C:\Program Files\Eclipse Adoptium\jdk-17.0.6.10-hotspot\bin\java.dll
0x00007ffada660000 - 0x00007ffada736000 	C:\Program Files\Eclipse Adoptium\jdk-17.0.6.10-hotspot\bin\jsvml.dll
0x00007ffaffd40000 - 0x00007ffb00484000 	C:\WINDOWS\System32\SHELL32.dll
0x00007ffafcb10000 - 0x00007ffafd2a2000 	C:\WINDOWS\SYSTEM32\windows.storage.dll
0x00007ffaff9d0000 - 0x00007ffaffd25000 	C:\WINDOWS\System32\combase.dll
0x00007ffafe730000 - 0x00007ffafe760000 	C:\WINDOWS\SYSTEM32\Wldp.dll
0x00007ffaff840000 - 0x00007ffaff8ed000 	C:\WINDOWS\System32\SHCORE.dll
0x00007ffb008a0000 - 0x00007ffb008f5000 	C:\WINDOWS\System32\shlwapi.dll
0x00007ffafec80000 - 0x00007ffafec9f000 	C:\WINDOWS\SYSTEM32\profapi.dll
0x00007ffaf39d0000 - 0x00007ffaf39e9000 	C:\Program Files\Eclipse Adoptium\jdk-17.0.6.10-hotspot\bin\net.dll
0x00007ffaf4580000 - 0x00007ffaf468c000 	C:\WINDOWS\SYSTEM32\WINHTTP.dll
0x00007ffafe420000 - 0x00007ffafe48a000 	C:\WINDOWS\system32\mswsock.dll
0x00007ffaf37e0000 - 0x00007ffaf37f5000 	C:\Program Files\Eclipse Adoptium\jdk-17.0.6.10-hotspot\bin\nio.dll
0x00007ffaed910000 - 0x00007ffaed928000 	C:\Program Files\Eclipse Adoptium\jdk-17.0.6.10-hotspot\bin\zip.dll
0x00007ffaf62c0000 - 0x00007ffaf62d0000 	C:\Program Files\Eclipse Adoptium\jdk-17.0.6.10-hotspot\bin\verify.dll
0x00007ffaf3930000 - 0x00007ffaf3957000 	C:\Users\waka\.gradle\native\68d5fa5c4cc2d200863cafc0d521ce42e7d3e7ee720ec0a83991735586a16f82\windows-amd64\native-platform.dll
0x00007ffad83f0000 - 0x00007ffad8534000 	C:\Users\waka\.gradle\native\e376f236ea51e6404a007f0833ffe2c6e607c4080706a723a18a27aeea778392\windows-amd64\native-platform-file-events.dll
0x00007ffaf3f90000 - 0x00007ffaf3f99000 	C:\Program Files\Eclipse Adoptium\jdk-17.0.6.10-hotspot\bin\management.dll
0x00007ffaed900000 - 0x00007ffaed90b000 	C:\Program Files\Eclipse Adoptium\jdk-17.0.6.10-hotspot\bin\management_ext.dll
0x00007ffaffd30000 - 0x00007ffaffd38000 	C:\WINDOWS\System32\PSAPI.DLL
0x00007ffafe680000 - 0x00007ffafe698000 	C:\WINDOWS\SYSTEM32\CRYPTSP.dll
0x00007ffafdd40000 - 0x00007ffafdd74000 	C:\WINDOWS\system32\rsaenh.dll
0x00007ffaff630000 - 0x00007ffaff657000 	C:\WINDOWS\System32\bcrypt.dll
0x00007ffafec40000 - 0x00007ffafec6e000 	C:\WINDOWS\SYSTEM32\USERENV.dll
0x00007ffafe6a0000 - 0x00007ffafe6ac000 	C:\WINDOWS\SYSTEM32\CRYPTBASE.dll
0x00007ffafe110000 - 0x00007ffafe14b000 	C:\WINDOWS\SYSTEM32\IPHLPAPI.DLL
0x00007ffaff9c0000 - 0x00007ffaff9c8000 	C:\WINDOWS\System32\NSI.dll
0x00007ffaf4830000 - 0x00007ffaf4847000 	C:\WINDOWS\SYSTEM32\dhcpcsvc6.DLL
0x00007ffaf49b0000 - 0x00007ffaf49cd000 	C:\WINDOWS\SYSTEM32\dhcpcsvc.DLL
0x00007ffafe150000 - 0x00007ffafe21a000 	C:\WINDOWS\SYSTEM32\DNSAPI.dll
0x00007ffaed8f0000 - 0x00007ffaed8fe000 	C:\Program Files\Eclipse Adoptium\jdk-17.0.6.10-hotspot\bin\sunmscapi.dll
0x00007ffafed40000 - 0x00007ffafee96000 	C:\WINDOWS\System32\CRYPT32.dll
0x00007ffafe7a0000 - 0x00007ffafe7c7000 	C:\WINDOWS\SYSTEM32\ncrypt.dll
0x00007ffafe760000 - 0x00007ffafe79b000 	C:\WINDOWS\SYSTEM32\NTASN1.dll
0x00007ffaf6910000 - 0x00007ffaf6917000 	C:\WINDOWS\system32\wshunix.dll

dbghelp: loaded successfully - version: 4.0.5 - missing functions: none
symbol engine: initialized successfully - sym options: 0x614 - pdb path: .;C:\Program Files\Eclipse Adoptium\jdk-17.0.6.10-hotspot\bin;C:\WINDOWS\SYSTEM32;C:\WINDOWS\WinSxS\amd64_microsoft.windows.common-controls_6595b64144ccf1df_6.0.19041.1110_none_60b5254171f9507e;C:\Program Files\Eclipse Adoptium\jdk-17.0.6.10-hotspot\bin\server;C:\Users\waka\.gradle\native\68d5fa5c4cc2d200863cafc0d521ce42e7d3e7ee720ec0a83991735586a16f82\windows-amd64;C:\Users\waka\.gradle\native\e376f236ea51e6404a007f0833ffe2c6e607c4080706a723a18a27aeea778392\windows-amd64

VM Arguments:
jvm_args: --add-opens=java.base/java.util=ALL-UNNAMED --add-opens=java.base/java.lang=ALL-UNNAMED --add-opens=java.base/java.lang.invoke=ALL-UNNAMED --add-opens=java.prefs/java.util.prefs=ALL-UNNAMED --add-opens=java.base/java.nio.charset=ALL-UNNAMED --add-opens=java.base/java.net=ALL-UNNAMED --add-opens=java.base/java.util.concurrent.atomic=ALL-UNNAMED -XX:MaxMetaspaceSize=256m -XX:+HeapDumpOnOutOfMemoryError -Xms256m -Xmx512m -Dfile.encoding=windows-1251 -Duser.country=RU -Duser.language=ru -Duser.variant 
java_command: org.gradle.launcher.daemon.bootstrap.GradleDaemon 7.6
java_class_path (initial): C:\Users\waka\.gradle\wrapper\dists\gradle-7.6-bin\9l9tetv7ltxvx3i8an4pb86ye\gradle-7.6\lib\gradle-launcher-7.6.jar
Launcher Type: SUN_STANDARD

[Global flags]
     intx CICompilerCount                          = 3                                         {product} {ergonomic}
   size_t CompressedClassSpaceSize                 = 218103808                                 {product} {ergonomic}
     uint ConcGCThreads                            = 1                                         {product} {ergonomic}
     uint G1ConcRefinementThreads                  = 4                                         {product} {ergonomic}
   size_t G1HeapRegionSize                         = 1048576                                   {product} {ergonomic}
    uintx GCDrainStackTargetSize                   = 64                                        {product} {ergonomic}
     bool HeapDumpOnOutOfMemoryError               = true                                   {manageable} {command line}
   size_t InitialHeapSize                          = 268435456                                 {product} {command line}
   size_t MarkStackSize                            = 4194304                                   {product} {ergonomic}
   size_t MaxHeapSize                              = 536870912                                 {product} {command line}
   size_t MaxMetaspaceSize                         = 268435456                                 {product} {command line}
   size_t MaxNewSize                               = 321912832                                 {product} {ergonomic}
   size_t MinHeapDeltaBytes                        = 1048576                                   {product} {ergonomic}
   size_t MinHeapSize                              = 268435456                                 {product} {command line}
    uintx NonNMethodCodeHeapSize                   = 5832780                                {pd product} {ergonomic}
    uintx NonProfiledCodeHeapSize                  = 122912730                              {pd product} {ergonomic}
    uintx ProfiledCodeHeapSize                     = 122912730                              {pd product} {ergonomic}
    uintx ReservedCodeCacheSize                    = 251658240                              {pd product} {ergonomic}
     bool SegmentedCodeCache                       = true                                      {product} {ergonomic}
   size_t SoftMaxHeapSize                          = 536870912                              {manageable} {ergonomic}
     bool UseCompressedClassPointers               = true                           {product lp64_product} {ergonomic}
     bool UseCompressedOops                        = true                           {product lp64_product} {ergonomic}
     bool UseG1GC                                  = true                                      {product} {ergonomic}
     bool UseLargePagesIndividualAllocation        = false                                  {pd product} {ergonomic}

Logging:
Log output configuration:
 #0: stdout all=warning uptime,level,tags
 #1: stderr all=off uptime,level,tags

Environment Variables:
JAVA_HOME=C:\Program Files\Eclipse Adoptium\jdk-17.0.6.10-hotspot\
PATH=C:\Program Files\Eclipse Adoptium\jdk-17.0.6.10-hotspot\bin;C:\Program Files (x86)\Common Files\Oracle\Java\javapath;C:\Program Files\Common Files\Oracle\Java\javapath;C:\Program Files (x86)\NVIDIA Corporation\PhysX\Common;C:\Program Files\Broadcom\Broadcom 802.11 Network Adapter;C:\WINDOWS\system32;C:\WINDOWS;C:\WINDOWS\System32\Wbem;C:\WINDOWS\System32\WindowsPowerShell\v1.0\;c:\Program Files (x86)\ATI Technologies\ATI.ACE\Core-Static;C:\WINDOWS\System32\OpenSSH\;C:\Program Files\Git\cmd;C:\Program Files\Eclipse Adoptium\jdk-17.0.6.10-hotspot\\bin;D:\m2\apache-maven-3.6.3-bin\apache-maven-3.6.3\bin;C:\Users\waka\AppData\Local\Microsoft\WindowsApps;C:\Users\waka\AppData\Local\GitHubDesktop\bin;C:\Users\waka\AppData\Local\JetBrains\IntelliJ IDEA Community Edition 2022.3.2\bin;
USERNAME=waka
OS=Windows_NT
PROCESSOR_IDENTIFIER=AMD64 Family 22 Model 48 Stepping 1, AuthenticAMD
TMP=C:\Users\waka\AppData\Local\Temp
TEMP=C:\Users\waka\AppData\Local\Temp



---------------  S Y S T E M  ---------------

OS:
 Windows 10 , 64 bit Build 19041 (10.0.19041.2364)
OS uptime: 0 days 1:57 hours

CPU: total 4 (initial active 4) (4 cores per cpu, 1 threads per core) family 22 model 48 stepping 1 microcode 0x0, cx8, cmov, fxsr, mmx, 3dnowpref, sse, sse2, sse3, ssse3, sse4a, sse4.1, sse4.2, popcnt, lzcnt, tsc, tscinvbit, avx, aes, clmul, bmi1, vzeroupper, clflush

Memory: 4k page, system-wide physical 5065M (247M free)
TotalPageFile size 8122M (AvailPageFile size 36M)
current process WorkingSet (physical memory assigned to process): 351M, peak: 351M
current process commit charge ("private bytes"): 444M, peak: 448M

vm_info: OpenJDK 64-Bit Server VM (17.0.6+10) for windows-amd64 JRE (17.0.6+10), built on Jan 18 2023 10:08:59 by "temurin" with MS VC++ 16.7 (VS2019)

END.
